Start testing: Mar 11 12:46 IST
----------------------------------------------------------
1/118 Testing: ApplicationTest.ExitCallsAudioStop
1/118 Test: ApplicationTest.ExitCallsAudioStop
Command: "/home/stuti/Codes/CPP Training/Week 8/build/playlist_tests" "--gtest_filter=ApplicationTest.ExitCallsAudioStop" "--gtest_also_run_disabled_tests"
Directory: /home/stuti/Codes/CPP Training/Week 8/build/tests/src
"ApplicationTest.ExitCallsAudioStop" start time: Mar 11 12:46 IST
Output:
----------------------------------------------------------
Running main() from /build/googletest-j5yxiC/googletest-1.10.0/googletest/src/gtest_main.cc
Note: Google Test filter = ApplicationTest.ExitCallsAudioStop
[==========] Running 1 test from 1 test suite.
[----------] Global test environment set-up.
[----------] 1 test from ApplicationTest
[ RUN      ] ApplicationTest.ExitCallsAudioStop
[       OK ] ApplicationTest.ExitCallsAudioStop (0 ms)
[----------] 1 test from ApplicationTest (0 ms total)

[----------] Global test environment tear-down
[==========] 1 test from 1 test suite ran. (0 ms total)
[  PASSED  ] 1 test.
<end of output>
Test time =   0.00 sec
----------------------------------------------------------
Test Passed.
"ApplicationTest.ExitCallsAudioStop" end time: Mar 11 12:46 IST
"ApplicationTest.ExitCallsAudioStop" time elapsed: 00:00:00
----------------------------------------------------------

2/118 Testing: ApplicationTest.ExitPrintsGoodbye
2/118 Test: ApplicationTest.ExitPrintsGoodbye
Command: "/home/stuti/Codes/CPP Training/Week 8/build/playlist_tests" "--gtest_filter=ApplicationTest.ExitPrintsGoodbye" "--gtest_also_run_disabled_tests"
Directory: /home/stuti/Codes/CPP Training/Week 8/build/tests/src
"ApplicationTest.ExitPrintsGoodbye" start time: Mar 11 12:46 IST
Output:
----------------------------------------------------------
Running main() from /build/googletest-j5yxiC/googletest-1.10.0/googletest/src/gtest_main.cc
Note: Google Test filter = ApplicationTest.ExitPrintsGoodbye
[==========] Running 1 test from 1 test suite.
[----------] Global test environment set-up.
[----------] 1 test from ApplicationTest
[ RUN      ] ApplicationTest.ExitPrintsGoodbye
[       OK ] ApplicationTest.ExitPrintsGoodbye (0 ms)
[----------] 1 test from ApplicationTest (0 ms total)

[----------] Global test environment tear-down
[==========] 1 test from 1 test suite ran. (0 ms total)
[  PASSED  ] 1 test.
<end of output>
Test time =   0.00 sec
----------------------------------------------------------
Test Passed.
"ApplicationTest.ExitPrintsGoodbye" end time: Mar 11 12:46 IST
"ApplicationTest.ExitPrintsGoodbye" time elapsed: 00:00:00
----------------------------------------------------------

3/118 Testing: ApplicationTest.InvalidMainMenuChoicePrintsError
3/118 Test: ApplicationTest.InvalidMainMenuChoicePrintsError
Command: "/home/stuti/Codes/CPP Training/Week 8/build/playlist_tests" "--gtest_filter=ApplicationTest.InvalidMainMenuChoicePrintsError" "--gtest_also_run_disabled_tests"
Directory: /home/stuti/Codes/CPP Training/Week 8/build/tests/src
"ApplicationTest.InvalidMainMenuChoicePrintsError" start time: Mar 11 12:46 IST
Output:
----------------------------------------------------------
Running main() from /build/googletest-j5yxiC/googletest-1.10.0/googletest/src/gtest_main.cc
Note: Google Test filter = ApplicationTest.InvalidMainMenuChoicePrintsError
[==========] Running 1 test from 1 test suite.
[----------] Global test environment set-up.
[----------] 1 test from ApplicationTest
[ RUN      ] ApplicationTest.InvalidMainMenuChoicePrintsError
[       OK ] ApplicationTest.InvalidMainMenuChoicePrintsError (0 ms)
[----------] 1 test from ApplicationTest (0 ms total)

[----------] Global test environment tear-down
[==========] 1 test from 1 test suite ran. (0 ms total)
[  PASSED  ] 1 test.
<end of output>
Test time =   0.00 sec
----------------------------------------------------------
Test Passed.
"ApplicationTest.InvalidMainMenuChoicePrintsError" end time: Mar 11 12:46 IST
"ApplicationTest.InvalidMainMenuChoicePrintsError" time elapsed: 00:00:00
----------------------------------------------------------

4/118 Testing: ApplicationTest.ViewAllPlaylistsPrintsErrorWhenEmpty
4/118 Test: ApplicationTest.ViewAllPlaylistsPrintsErrorWhenEmpty
Command: "/home/stuti/Codes/CPP Training/Week 8/build/playlist_tests" "--gtest_filter=ApplicationTest.ViewAllPlaylistsPrintsErrorWhenEmpty" "--gtest_also_run_disabled_tests"
Directory: /home/stuti/Codes/CPP Training/Week 8/build/tests/src
"ApplicationTest.ViewAllPlaylistsPrintsErrorWhenEmpty" start time: Mar 11 12:46 IST
Output:
----------------------------------------------------------
Running main() from /build/googletest-j5yxiC/googletest-1.10.0/googletest/src/gtest_main.cc
Note: Google Test filter = ApplicationTest.ViewAllPlaylistsPrintsErrorWhenEmpty
[==========] Running 1 test from 1 test suite.
[----------] Global test environment set-up.
[----------] 1 test from ApplicationTest
[ RUN      ] ApplicationTest.ViewAllPlaylistsPrintsErrorWhenEmpty
[       OK ] ApplicationTest.ViewAllPlaylistsPrintsErrorWhenEmpty (0 ms)
[----------] 1 test from ApplicationTest (0 ms total)

[----------] Global test environment tear-down
[==========] 1 test from 1 test suite ran. (0 ms total)
[  PASSED  ] 1 test.
<end of output>
Test time =   0.00 sec
----------------------------------------------------------
Test Passed.
"ApplicationTest.ViewAllPlaylistsPrintsErrorWhenEmpty" end time: Mar 11 12:46 IST
"ApplicationTest.ViewAllPlaylistsPrintsErrorWhenEmpty" time elapsed: 00:00:00
----------------------------------------------------------

5/118 Testing: ApplicationTest.ViewAllPlaylistsPrintsHeaderWhenPlaylistsExist
5/118 Test: ApplicationTest.ViewAllPlaylistsPrintsHeaderWhenPlaylistsExist
Command: "/home/stuti/Codes/CPP Training/Week 8/build/playlist_tests" "--gtest_filter=ApplicationTest.ViewAllPlaylistsPrintsHeaderWhenPlaylistsExist" "--gtest_also_run_disabled_tests"
Directory: /home/stuti/Codes/CPP Training/Week 8/build/tests/src
"ApplicationTest.ViewAllPlaylistsPrintsHeaderWhenPlaylistsExist" start time: Mar 11 12:46 IST
Output:
----------------------------------------------------------
Running main() from /build/googletest-j5yxiC/googletest-1.10.0/googletest/src/gtest_main.cc
Note: Google Test filter = ApplicationTest.ViewAllPlaylistsPrintsHeaderWhenPlaylistsExist
[==========] Running 1 test from 1 test suite.
[----------] Global test environment set-up.
[----------] 1 test from ApplicationTest
[ RUN      ] ApplicationTest.ViewAllPlaylistsPrintsHeaderWhenPlaylistsExist
[       OK ] ApplicationTest.ViewAllPlaylistsPrintsHeaderWhenPlaylistsExist (0 ms)
[----------] 1 test from ApplicationTest (0 ms total)

[----------] Global test environment tear-down
[==========] 1 test from 1 test suite ran. (0 ms total)
[  PASSED  ] 1 test.
<end of output>
Test time =   0.00 sec
----------------------------------------------------------
Test Passed.
"ApplicationTest.ViewAllPlaylistsPrintsHeaderWhenPlaylistsExist" end time: Mar 11 12:46 IST
"ApplicationTest.ViewAllPlaylistsPrintsHeaderWhenPlaylistsExist" time elapsed: 00:00:00
----------------------------------------------------------

6/118 Testing: ApplicationTest.CreatePlaylistPrintsSuccessForNewName
6/118 Test: ApplicationTest.CreatePlaylistPrintsSuccessForNewName
Command: "/home/stuti/Codes/CPP Training/Week 8/build/playlist_tests" "--gtest_filter=ApplicationTest.CreatePlaylistPrintsSuccessForNewName" "--gtest_also_run_disabled_tests"
Directory: /home/stuti/Codes/CPP Training/Week 8/build/tests/src
"ApplicationTest.CreatePlaylistPrintsSuccessForNewName" start time: Mar 11 12:46 IST
Output:
----------------------------------------------------------
Running main() from /build/googletest-j5yxiC/googletest-1.10.0/googletest/src/gtest_main.cc
Note: Google Test filter = ApplicationTest.CreatePlaylistPrintsSuccessForNewName
[==========] Running 1 test from 1 test suite.
[----------] Global test environment set-up.
[----------] 1 test from ApplicationTest
[ RUN      ] ApplicationTest.CreatePlaylistPrintsSuccessForNewName
[       OK ] ApplicationTest.CreatePlaylistPrintsSuccessForNewName (1 ms)
[----------] 1 test from ApplicationTest (1 ms total)

[----------] Global test environment tear-down
[==========] 1 test from 1 test suite ran. (1 ms total)
[  PASSED  ] 1 test.
<end of output>
Test time =   0.00 sec
----------------------------------------------------------
Test Passed.
"ApplicationTest.CreatePlaylistPrintsSuccessForNewName" end time: Mar 11 12:46 IST
"ApplicationTest.CreatePlaylistPrintsSuccessForNewName" time elapsed: 00:00:00
----------------------------------------------------------

7/118 Testing: ApplicationTest.CreatePlaylistPrintsErrorForDuplicateName
7/118 Test: ApplicationTest.CreatePlaylistPrintsErrorForDuplicateName
Command: "/home/stuti/Codes/CPP Training/Week 8/build/playlist_tests" "--gtest_filter=ApplicationTest.CreatePlaylistPrintsErrorForDuplicateName" "--gtest_also_run_disabled_tests"
Directory: /home/stuti/Codes/CPP Training/Week 8/build/tests/src
"ApplicationTest.CreatePlaylistPrintsErrorForDuplicateName" start time: Mar 11 12:46 IST
Output:
----------------------------------------------------------
Running main() from /build/googletest-j5yxiC/googletest-1.10.0/googletest/src/gtest_main.cc
Note: Google Test filter = ApplicationTest.CreatePlaylistPrintsErrorForDuplicateName
[==========] Running 1 test from 1 test suite.
[----------] Global test environment set-up.
[----------] 1 test from ApplicationTest
[ RUN      ] ApplicationTest.CreatePlaylistPrintsErrorForDuplicateName
[       OK ] ApplicationTest.CreatePlaylistPrintsErrorForDuplicateName (1 ms)
[----------] 1 test from ApplicationTest (1 ms total)

[----------] Global test environment tear-down
[==========] 1 test from 1 test suite ran. (1 ms total)
[  PASSED  ] 1 test.
<end of output>
Test time =   0.00 sec
----------------------------------------------------------
Test Passed.
"ApplicationTest.CreatePlaylistPrintsErrorForDuplicateName" end time: Mar 11 12:46 IST
"ApplicationTest.CreatePlaylistPrintsErrorForDuplicateName" time elapsed: 00:00:00
----------------------------------------------------------

8/118 Testing: ApplicationTest.DeletePlaylistPrintsErrorWhenNoPlaylists
8/118 Test: ApplicationTest.DeletePlaylistPrintsErrorWhenNoPlaylists
Command: "/home/stuti/Codes/CPP Training/Week 8/build/playlist_tests" "--gtest_filter=ApplicationTest.DeletePlaylistPrintsErrorWhenNoPlaylists" "--gtest_also_run_disabled_tests"
Directory: /home/stuti/Codes/CPP Training/Week 8/build/tests/src
"ApplicationTest.DeletePlaylistPrintsErrorWhenNoPlaylists" start time: Mar 11 12:46 IST
Output:
----------------------------------------------------------
Running main() from /build/googletest-j5yxiC/googletest-1.10.0/googletest/src/gtest_main.cc
Note: Google Test filter = ApplicationTest.DeletePlaylistPrintsErrorWhenNoPlaylists
[==========] Running 1 test from 1 test suite.
[----------] Global test environment set-up.
[----------] 1 test from ApplicationTest
[ RUN      ] ApplicationTest.DeletePlaylistPrintsErrorWhenNoPlaylists
[       OK ] ApplicationTest.DeletePlaylistPrintsErrorWhenNoPlaylists (0 ms)
[----------] 1 test from ApplicationTest (0 ms total)

[----------] Global test environment tear-down
[==========] 1 test from 1 test suite ran. (0 ms total)
[  PASSED  ] 1 test.
<end of output>
Test time =   0.00 sec
----------------------------------------------------------
Test Passed.
"ApplicationTest.DeletePlaylistPrintsErrorWhenNoPlaylists" end time: Mar 11 12:46 IST
"ApplicationTest.DeletePlaylistPrintsErrorWhenNoPlaylists" time elapsed: 00:00:00
----------------------------------------------------------

9/118 Testing: ApplicationTest.DeletePlaylistRemovesItFromManager
9/118 Test: ApplicationTest.DeletePlaylistRemovesItFromManager
Command: "/home/stuti/Codes/CPP Training/Week 8/build/playlist_tests" "--gtest_filter=ApplicationTest.DeletePlaylistRemovesItFromManager" "--gtest_also_run_disabled_tests"
Directory: /home/stuti/Codes/CPP Training/Week 8/build/tests/src
"ApplicationTest.DeletePlaylistRemovesItFromManager" start time: Mar 11 12:46 IST
Output:
----------------------------------------------------------
Running main() from /build/googletest-j5yxiC/googletest-1.10.0/googletest/src/gtest_main.cc
Note: Google Test filter = ApplicationTest.DeletePlaylistRemovesItFromManager
[==========] Running 1 test from 1 test suite.
[----------] Global test environment set-up.
[----------] 1 test from ApplicationTest
[ RUN      ] ApplicationTest.DeletePlaylistRemovesItFromManager
[       OK ] ApplicationTest.DeletePlaylistRemovesItFromManager (1 ms)
[----------] 1 test from ApplicationTest (1 ms total)

[----------] Global test environment tear-down
[==========] 1 test from 1 test suite ran. (1 ms total)
[  PASSED  ] 1 test.
<end of output>
Test time =   0.00 sec
----------------------------------------------------------
Test Passed.
"ApplicationTest.DeletePlaylistRemovesItFromManager" end time: Mar 11 12:46 IST
"ApplicationTest.DeletePlaylistRemovesItFromManager" time elapsed: 00:00:00
----------------------------------------------------------

10/118 Testing: ApplicationPlaylistTest.PlayCallsAudioPlayWithCorrectPath
10/118 Test: ApplicationPlaylistTest.PlayCallsAudioPlayWithCorrectPath
Command: "/home/stuti/Codes/CPP Training/Week 8/build/playlist_tests" "--gtest_filter=ApplicationPlaylistTest.PlayCallsAudioPlayWithCorrectPath" "--gtest_also_run_disabled_tests"
Directory: /home/stuti/Codes/CPP Training/Week 8/build/tests/src
"ApplicationPlaylistTest.PlayCallsAudioPlayWithCorrectPath" start time: Mar 11 12:46 IST
Output:
----------------------------------------------------------
Running main() from /build/googletest-j5yxiC/googletest-1.10.0/googletest/src/gtest_main.cc
Note: Google Test filter = ApplicationPlaylistTest.PlayCallsAudioPlayWithCorrectPath
[==========] Running 1 test from 1 test suite.
[----------] Global test environment set-up.
[----------] 1 test from ApplicationPlaylistTest
[ RUN      ] ApplicationPlaylistTest.PlayCallsAudioPlayWithCorrectPath
[       OK ] ApplicationPlaylistTest.PlayCallsAudioPlayWithCorrectPath (1 ms)
[----------] 1 test from ApplicationPlaylistTest (1 ms total)

[----------] Global test environment tear-down
[==========] 1 test from 1 test suite ran. (1 ms total)
[  PASSED  ] 1 test.
<end of output>
Test time =   0.00 sec
----------------------------------------------------------
Test Passed.
"ApplicationPlaylistTest.PlayCallsAudioPlayWithCorrectPath" end time: Mar 11 12:46 IST
"ApplicationPlaylistTest.PlayCallsAudioPlayWithCorrectPath" time elapsed: 00:00:00
----------------------------------------------------------

11/118 Testing: ApplicationPlaylistTest.PlayOnEmptyPlaylistPrintsError
11/118 Test: ApplicationPlaylistTest.PlayOnEmptyPlaylistPrintsError
Command: "/home/stuti/Codes/CPP Training/Week 8/build/playlist_tests" "--gtest_filter=ApplicationPlaylistTest.PlayOnEmptyPlaylistPrintsError" "--gtest_also_run_disabled_tests"
Directory: /home/stuti/Codes/CPP Training/Week 8/build/tests/src
"ApplicationPlaylistTest.PlayOnEmptyPlaylistPrintsError" start time: Mar 11 12:46 IST
Output:
----------------------------------------------------------
Running main() from /build/googletest-j5yxiC/googletest-1.10.0/googletest/src/gtest_main.cc
Note: Google Test filter = ApplicationPlaylistTest.PlayOnEmptyPlaylistPrintsError
[==========] Running 1 test from 1 test suite.
[----------] Global test environment set-up.
[----------] 1 test from ApplicationPlaylistTest
[ RUN      ] ApplicationPlaylistTest.PlayOnEmptyPlaylistPrintsError
[       OK ] ApplicationPlaylistTest.PlayOnEmptyPlaylistPrintsError (1 ms)
[----------] 1 test from ApplicationPlaylistTest (1 ms total)

[----------] Global test environment tear-down
[==========] 1 test from 1 test suite ran. (1 ms total)
[  PASSED  ] 1 test.
<end of output>
Test time =   0.00 sec
----------------------------------------------------------
Test Passed.
"ApplicationPlaylistTest.PlayOnEmptyPlaylistPrintsError" end time: Mar 11 12:46 IST
"ApplicationPlaylistTest.PlayOnEmptyPlaylistPrintsError" time elapsed: 00:00:00
----------------------------------------------------------

12/118 Testing: ApplicationPlaylistTest.PlayFailurePrintsAudioError
12/118 Test: ApplicationPlaylistTest.PlayFailurePrintsAudioError
Command: "/home/stuti/Codes/CPP Training/Week 8/build/playlist_tests" "--gtest_filter=ApplicationPlaylistTest.PlayFailurePrintsAudioError" "--gtest_also_run_disabled_tests"
Directory: /home/stuti/Codes/CPP Training/Week 8/build/tests/src
"ApplicationPlaylistTest.PlayFailurePrintsAudioError" start time: Mar 11 12:46 IST
Output:
----------------------------------------------------------
Running main() from /build/googletest-j5yxiC/googletest-1.10.0/googletest/src/gtest_main.cc
Note: Google Test filter = ApplicationPlaylistTest.PlayFailurePrintsAudioError
[==========] Running 1 test from 1 test suite.
[----------] Global test environment set-up.
[----------] 1 test from ApplicationPlaylistTest
[ RUN      ] ApplicationPlaylistTest.PlayFailurePrintsAudioError
[       OK ] ApplicationPlaylistTest.PlayFailurePrintsAudioError (1 ms)
[----------] 1 test from ApplicationPlaylistTest (1 ms total)

[----------] Global test environment tear-down
[==========] 1 test from 1 test suite ran. (1 ms total)
[  PASSED  ] 1 test.
<end of output>
Test time =   0.00 sec
----------------------------------------------------------
Test Passed.
"ApplicationPlaylistTest.PlayFailurePrintsAudioError" end time: Mar 11 12:46 IST
"ApplicationPlaylistTest.PlayFailurePrintsAudioError" time elapsed: 00:00:00
----------------------------------------------------------

13/118 Testing: ApplicationPlaylistTest.PauseResumeCallsPauseWhenPlaying
13/118 Test: ApplicationPlaylistTest.PauseResumeCallsPauseWhenPlaying
Command: "/home/stuti/Codes/CPP Training/Week 8/build/playlist_tests" "--gtest_filter=ApplicationPlaylistTest.PauseResumeCallsPauseWhenPlaying" "--gtest_also_run_disabled_tests"
Directory: /home/stuti/Codes/CPP Training/Week 8/build/tests/src
"ApplicationPlaylistTest.PauseResumeCallsPauseWhenPlaying" start time: Mar 11 12:46 IST
Output:
----------------------------------------------------------
Running main() from /build/googletest-j5yxiC/googletest-1.10.0/googletest/src/gtest_main.cc
Note: Google Test filter = ApplicationPlaylistTest.PauseResumeCallsPauseWhenPlaying
[==========] Running 1 test from 1 test suite.
[----------] Global test environment set-up.
[----------] 1 test from ApplicationPlaylistTest
[ RUN      ] ApplicationPlaylistTest.PauseResumeCallsPauseWhenPlaying
[       OK ] ApplicationPlaylistTest.PauseResumeCallsPauseWhenPlaying (2 ms)
[----------] 1 test from ApplicationPlaylistTest (2 ms total)

[----------] Global test environment tear-down
[==========] 1 test from 1 test suite ran. (2 ms total)
[  PASSED  ] 1 test.
<end of output>
Test time =   0.00 sec
----------------------------------------------------------
Test Passed.
"ApplicationPlaylistTest.PauseResumeCallsPauseWhenPlaying" end time: Mar 11 12:46 IST
"ApplicationPlaylistTest.PauseResumeCallsPauseWhenPlaying" time elapsed: 00:00:00
----------------------------------------------------------

14/118 Testing: ApplicationPlaylistTest.PauseResumeCallsResumeWhenPaused
14/118 Test: ApplicationPlaylistTest.PauseResumeCallsResumeWhenPaused
Command: "/home/stuti/Codes/CPP Training/Week 8/build/playlist_tests" "--gtest_filter=ApplicationPlaylistTest.PauseResumeCallsResumeWhenPaused" "--gtest_also_run_disabled_tests"
Directory: /home/stuti/Codes/CPP Training/Week 8/build/tests/src
"ApplicationPlaylistTest.PauseResumeCallsResumeWhenPaused" start time: Mar 11 12:46 IST
Output:
----------------------------------------------------------
Running main() from /build/googletest-j5yxiC/googletest-1.10.0/googletest/src/gtest_main.cc
Note: Google Test filter = ApplicationPlaylistTest.PauseResumeCallsResumeWhenPaused
[==========] Running 1 test from 1 test suite.
[----------] Global test environment set-up.
[----------] 1 test from ApplicationPlaylistTest
[ RUN      ] ApplicationPlaylistTest.PauseResumeCallsResumeWhenPaused
[       OK ] ApplicationPlaylistTest.PauseResumeCallsResumeWhenPaused (1 ms)
[----------] 1 test from ApplicationPlaylistTest (1 ms total)

[----------] Global test environment tear-down
[==========] 1 test from 1 test suite ran. (1 ms total)
[  PASSED  ] 1 test.
<end of output>
Test time =   0.00 sec
----------------------------------------------------------
Test Passed.
"ApplicationPlaylistTest.PauseResumeCallsResumeWhenPaused" end time: Mar 11 12:46 IST
"ApplicationPlaylistTest.PauseResumeCallsResumeWhenPaused" time elapsed: 00:00:00
----------------------------------------------------------

15/118 Testing: ApplicationPlaylistTest.NextPlaysNextSong
15/118 Test: ApplicationPlaylistTest.NextPlaysNextSong
Command: "/home/stuti/Codes/CPP Training/Week 8/build/playlist_tests" "--gtest_filter=ApplicationPlaylistTest.NextPlaysNextSong" "--gtest_also_run_disabled_tests"
Directory: /home/stuti/Codes/CPP Training/Week 8/build/tests/src
"ApplicationPlaylistTest.NextPlaysNextSong" start time: Mar 11 12:46 IST
Output:
----------------------------------------------------------
Running main() from /build/googletest-j5yxiC/googletest-1.10.0/googletest/src/gtest_main.cc
Note: Google Test filter = ApplicationPlaylistTest.NextPlaysNextSong
[==========] Running 1 test from 1 test suite.
[----------] Global test environment set-up.
[----------] 1 test from ApplicationPlaylistTest
[ RUN      ] ApplicationPlaylistTest.NextPlaysNextSong
[       OK ] ApplicationPlaylistTest.NextPlaysNextSong (1 ms)
[----------] 1 test from ApplicationPlaylistTest (1 ms total)

[----------] Global test environment tear-down
[==========] 1 test from 1 test suite ran. (1 ms total)
[  PASSED  ] 1 test.
<end of output>
Test time =   0.00 sec
----------------------------------------------------------
Test Passed.
"ApplicationPlaylistTest.NextPlaysNextSong" end time: Mar 11 12:46 IST
"ApplicationPlaylistTest.NextPlaysNextSong" time elapsed: 00:00:00
----------------------------------------------------------

16/118 Testing: ApplicationPlaylistTest.PreviousWrapsToLastSong
16/118 Test: ApplicationPlaylistTest.PreviousWrapsToLastSong
Command: "/home/stuti/Codes/CPP Training/Week 8/build/playlist_tests" "--gtest_filter=ApplicationPlaylistTest.PreviousWrapsToLastSong" "--gtest_also_run_disabled_tests"
Directory: /home/stuti/Codes/CPP Training/Week 8/build/tests/src
"ApplicationPlaylistTest.PreviousWrapsToLastSong" start time: Mar 11 12:46 IST
Output:
----------------------------------------------------------
Running main() from /build/googletest-j5yxiC/googletest-1.10.0/googletest/src/gtest_main.cc
Note: Google Test filter = ApplicationPlaylistTest.PreviousWrapsToLastSong
[==========] Running 1 test from 1 test suite.
[----------] Global test environment set-up.
[----------] 1 test from ApplicationPlaylistTest
[ RUN      ] ApplicationPlaylistTest.PreviousWrapsToLastSong
[       OK ] ApplicationPlaylistTest.PreviousWrapsToLastSong (1 ms)
[----------] 1 test from ApplicationPlaylistTest (1 ms total)

[----------] Global test environment tear-down
[==========] 1 test from 1 test suite ran. (1 ms total)
[  PASSED  ] 1 test.
<end of output>
Test time =   0.00 sec
----------------------------------------------------------
Test Passed.
"ApplicationPlaylistTest.PreviousWrapsToLastSong" end time: Mar 11 12:46 IST
"ApplicationPlaylistTest.PreviousWrapsToLastSong" time elapsed: 00:00:00
----------------------------------------------------------

17/118 Testing: ApplicationPlaylistTest.StopCallsAudioStopAndPrintsMessage
17/118 Test: ApplicationPlaylistTest.StopCallsAudioStopAndPrintsMessage
Command: "/home/stuti/Codes/CPP Training/Week 8/build/playlist_tests" "--gtest_filter=ApplicationPlaylistTest.StopCallsAudioStopAndPrintsMessage" "--gtest_also_run_disabled_tests"
Directory: /home/stuti/Codes/CPP Training/Week 8/build/tests/src
"ApplicationPlaylistTest.StopCallsAudioStopAndPrintsMessage" start time: Mar 11 12:46 IST
Output:
----------------------------------------------------------
Running main() from /build/googletest-j5yxiC/googletest-1.10.0/googletest/src/gtest_main.cc
Note: Google Test filter = ApplicationPlaylistTest.StopCallsAudioStopAndPrintsMessage
[==========] Running 1 test from 1 test suite.
[----------] Global test environment set-up.
[----------] 1 test from ApplicationPlaylistTest
[ RUN      ] ApplicationPlaylistTest.StopCallsAudioStopAndPrintsMessage
[       OK ] ApplicationPlaylistTest.StopCallsAudioStopAndPrintsMessage (2 ms)
[----------] 1 test from ApplicationPlaylistTest (2 ms total)

[----------] Global test environment tear-down
[==========] 1 test from 1 test suite ran. (2 ms total)
[  PASSED  ] 1 test.
<end of output>
Test time =   0.00 sec
----------------------------------------------------------
Test Passed.
"ApplicationPlaylistTest.StopCallsAudioStopAndPrintsMessage" end time: Mar 11 12:46 IST
"ApplicationPlaylistTest.StopCallsAudioStopAndPrintsMessage" time elapsed: 00:00:00
----------------------------------------------------------

18/118 Testing: PlaylistManagerTest.InitiallyNoPlaylists
18/118 Test: PlaylistManagerTest.InitiallyNoPlaylists
Command: "/home/stuti/Codes/CPP Training/Week 8/build/playlist_tests" "--gtest_filter=PlaylistManagerTest.InitiallyNoPlaylists" "--gtest_also_run_disabled_tests"
Directory: /home/stuti/Codes/CPP Training/Week 8/build/tests/src
"PlaylistManagerTest.InitiallyNoPlaylists" start time: Mar 11 12:46 IST
Output:
----------------------------------------------------------
Running main() from /build/googletest-j5yxiC/googletest-1.10.0/googletest/src/gtest_main.cc
Note: Google Test filter = PlaylistManagerTest.InitiallyNoPlaylists
[==========] Running 1 test from 1 test suite.
[----------] Global test environment set-up.
[----------] 1 test from PlaylistManagerTest
[ RUN      ] PlaylistManagerTest.InitiallyNoPlaylists
[       OK ] PlaylistManagerTest.InitiallyNoPlaylists (0 ms)
[----------] 1 test from PlaylistManagerTest (0 ms total)

[----------] Global test environment tear-down
[==========] 1 test from 1 test suite ran. (0 ms total)
[  PASSED  ] 1 test.
<end of output>
Test time =   0.00 sec
----------------------------------------------------------
Test Passed.
"PlaylistManagerTest.InitiallyNoPlaylists" end time: Mar 11 12:46 IST
"PlaylistManagerTest.InitiallyNoPlaylists" time elapsed: 00:00:00
----------------------------------------------------------

19/118 Testing: PlaylistManagerTest.InitiallyEmptySongLibrary
19/118 Test: PlaylistManagerTest.InitiallyEmptySongLibrary
Command: "/home/stuti/Codes/CPP Training/Week 8/build/playlist_tests" "--gtest_filter=PlaylistManagerTest.InitiallyEmptySongLibrary" "--gtest_also_run_disabled_tests"
Directory: /home/stuti/Codes/CPP Training/Week 8/build/tests/src
"PlaylistManagerTest.InitiallyEmptySongLibrary" start time: Mar 11 12:46 IST
Output:
----------------------------------------------------------
Running main() from /build/googletest-j5yxiC/googletest-1.10.0/googletest/src/gtest_main.cc
Note: Google Test filter = PlaylistManagerTest.InitiallyEmptySongLibrary
[==========] Running 1 test from 1 test suite.
[----------] Global test environment set-up.
[----------] 1 test from PlaylistManagerTest
[ RUN      ] PlaylistManagerTest.InitiallyEmptySongLibrary
[       OK ] PlaylistManagerTest.InitiallyEmptySongLibrary (0 ms)
[----------] 1 test from PlaylistManagerTest (0 ms total)

[----------] Global test environment tear-down
[==========] 1 test from 1 test suite ran. (0 ms total)
[  PASSED  ] 1 test.
<end of output>
Test time =   0.00 sec
----------------------------------------------------------
Test Passed.
"PlaylistManagerTest.InitiallyEmptySongLibrary" end time: Mar 11 12:46 IST
"PlaylistManagerTest.InitiallyEmptySongLibrary" time elapsed: 00:00:00
----------------------------------------------------------

20/118 Testing: PlaylistManagerTest.CreatePlaylistReturnsTrueForNewName
20/118 Test: PlaylistManagerTest.CreatePlaylistReturnsTrueForNewName
Command: "/home/stuti/Codes/CPP Training/Week 8/build/playlist_tests" "--gtest_filter=PlaylistManagerTest.CreatePlaylistReturnsTrueForNewName" "--gtest_also_run_disabled_tests"
Directory: /home/stuti/Codes/CPP Training/Week 8/build/tests/src
"PlaylistManagerTest.CreatePlaylistReturnsTrueForNewName" start time: Mar 11 12:46 IST
Output:
----------------------------------------------------------
Running main() from /build/googletest-j5yxiC/googletest-1.10.0/googletest/src/gtest_main.cc
Note: Google Test filter = PlaylistManagerTest.CreatePlaylistReturnsTrueForNewName
[==========] Running 1 test from 1 test suite.
[----------] Global test environment set-up.
[----------] 1 test from PlaylistManagerTest
[ RUN      ] PlaylistManagerTest.CreatePlaylistReturnsTrueForNewName
[       OK ] PlaylistManagerTest.CreatePlaylistReturnsTrueForNewName (0 ms)
[----------] 1 test from PlaylistManagerTest (0 ms total)

[----------] Global test environment tear-down
[==========] 1 test from 1 test suite ran. (0 ms total)
[  PASSED  ] 1 test.
<end of output>
Test time =   0.00 sec
----------------------------------------------------------
Test Passed.
"PlaylistManagerTest.CreatePlaylistReturnsTrueForNewName" end time: Mar 11 12:46 IST
"PlaylistManagerTest.CreatePlaylistReturnsTrueForNewName" time elapsed: 00:00:00
----------------------------------------------------------

21/118 Testing: PlaylistManagerTest.CreatePlaylistAddsToMap
21/118 Test: PlaylistManagerTest.CreatePlaylistAddsToMap
Command: "/home/stuti/Codes/CPP Training/Week 8/build/playlist_tests" "--gtest_filter=PlaylistManagerTest.CreatePlaylistAddsToMap" "--gtest_also_run_disabled_tests"
Directory: /home/stuti/Codes/CPP Training/Week 8/build/tests/src
"PlaylistManagerTest.CreatePlaylistAddsToMap" start time: Mar 11 12:46 IST
Output:
----------------------------------------------------------
Running main() from /build/googletest-j5yxiC/googletest-1.10.0/googletest/src/gtest_main.cc
Note: Google Test filter = PlaylistManagerTest.CreatePlaylistAddsToMap
[==========] Running 1 test from 1 test suite.
[----------] Global test environment set-up.
[----------] 1 test from PlaylistManagerTest
[ RUN      ] PlaylistManagerTest.CreatePlaylistAddsToMap
[       OK ] PlaylistManagerTest.CreatePlaylistAddsToMap (0 ms)
[----------] 1 test from PlaylistManagerTest (0 ms total)

[----------] Global test environment tear-down
[==========] 1 test from 1 test suite ran. (0 ms total)
[  PASSED  ] 1 test.
<end of output>
Test time =   0.00 sec
----------------------------------------------------------
Test Passed.
"PlaylistManagerTest.CreatePlaylistAddsToMap" end time: Mar 11 12:46 IST
"PlaylistManagerTest.CreatePlaylistAddsToMap" time elapsed: 00:00:00
----------------------------------------------------------

22/118 Testing: PlaylistManagerTest.CreatePlaylistReturnsFalseForDuplicateName
22/118 Test: PlaylistManagerTest.CreatePlaylistReturnsFalseForDuplicateName
Command: "/home/stuti/Codes/CPP Training/Week 8/build/playlist_tests" "--gtest_filter=PlaylistManagerTest.CreatePlaylistReturnsFalseForDuplicateName" "--gtest_also_run_disabled_tests"
Directory: /home/stuti/Codes/CPP Training/Week 8/build/tests/src
"PlaylistManagerTest.CreatePlaylistReturnsFalseForDuplicateName" start time: Mar 11 12:46 IST
Output:
----------------------------------------------------------
Running main() from /build/googletest-j5yxiC/googletest-1.10.0/googletest/src/gtest_main.cc
Note: Google Test filter = PlaylistManagerTest.CreatePlaylistReturnsFalseForDuplicateName
[==========] Running 1 test from 1 test suite.
[----------] Global test environment set-up.
[----------] 1 test from PlaylistManagerTest
[ RUN      ] PlaylistManagerTest.CreatePlaylistReturnsFalseForDuplicateName
[       OK ] PlaylistManagerTest.CreatePlaylistReturnsFalseForDuplicateName (0 ms)
[----------] 1 test from PlaylistManagerTest (0 ms total)

[----------] Global test environment tear-down
[==========] 1 test from 1 test suite ran. (0 ms total)
[  PASSED  ] 1 test.
<end of output>
Test time =   0.00 sec
----------------------------------------------------------
Test Passed.
"PlaylistManagerTest.CreatePlaylistReturnsFalseForDuplicateName" end time: Mar 11 12:46 IST
"PlaylistManagerTest.CreatePlaylistReturnsFalseForDuplicateName" time elapsed: 00:00:00
----------------------------------------------------------

23/118 Testing: PlaylistManagerTest.CreatePlaylistDoesNotAddDuplicate
23/118 Test: PlaylistManagerTest.CreatePlaylistDoesNotAddDuplicate
Command: "/home/stuti/Codes/CPP Training/Week 8/build/playlist_tests" "--gtest_filter=PlaylistManagerTest.CreatePlaylistDoesNotAddDuplicate" "--gtest_also_run_disabled_tests"
Directory: /home/stuti/Codes/CPP Training/Week 8/build/tests/src
"PlaylistManagerTest.CreatePlaylistDoesNotAddDuplicate" start time: Mar 11 12:46 IST
Output:
----------------------------------------------------------
Running main() from /build/googletest-j5yxiC/googletest-1.10.0/googletest/src/gtest_main.cc
Note: Google Test filter = PlaylistManagerTest.CreatePlaylistDoesNotAddDuplicate
[==========] Running 1 test from 1 test suite.
[----------] Global test environment set-up.
[----------] 1 test from PlaylistManagerTest
[ RUN      ] PlaylistManagerTest.CreatePlaylistDoesNotAddDuplicate
[       OK ] PlaylistManagerTest.CreatePlaylistDoesNotAddDuplicate (0 ms)
[----------] 1 test from PlaylistManagerTest (0 ms total)

[----------] Global test environment tear-down
[==========] 1 test from 1 test suite ran. (0 ms total)
[  PASSED  ] 1 test.
<end of output>
Test time =   0.00 sec
----------------------------------------------------------
Test Passed.
"PlaylistManagerTest.CreatePlaylistDoesNotAddDuplicate" end time: Mar 11 12:46 IST
"PlaylistManagerTest.CreatePlaylistDoesNotAddDuplicate" time elapsed: 00:00:00
----------------------------------------------------------

24/118 Testing: PlaylistManagerTest.CreateMultiplePlaylistsAddsAll
24/118 Test: PlaylistManagerTest.CreateMultiplePlaylistsAddsAll
Command: "/home/stuti/Codes/CPP Training/Week 8/build/playlist_tests" "--gtest_filter=PlaylistManagerTest.CreateMultiplePlaylistsAddsAll" "--gtest_also_run_disabled_tests"
Directory: /home/stuti/Codes/CPP Training/Week 8/build/tests/src
"PlaylistManagerTest.CreateMultiplePlaylistsAddsAll" start time: Mar 11 12:46 IST
Output:
----------------------------------------------------------
Running main() from /build/googletest-j5yxiC/googletest-1.10.0/googletest/src/gtest_main.cc
Note: Google Test filter = PlaylistManagerTest.CreateMultiplePlaylistsAddsAll
[==========] Running 1 test from 1 test suite.
[----------] Global test environment set-up.
[----------] 1 test from PlaylistManagerTest
[ RUN      ] PlaylistManagerTest.CreateMultiplePlaylistsAddsAll
[       OK ] PlaylistManagerTest.CreateMultiplePlaylistsAddsAll (0 ms)
[----------] 1 test from PlaylistManagerTest (0 ms total)

[----------] Global test environment tear-down
[==========] 1 test from 1 test suite ran. (0 ms total)
[  PASSED  ] 1 test.
<end of output>
Test time =   0.00 sec
----------------------------------------------------------
Test Passed.
"PlaylistManagerTest.CreateMultiplePlaylistsAddsAll" end time: Mar 11 12:46 IST
"PlaylistManagerTest.CreateMultiplePlaylistsAddsAll" time elapsed: 00:00:00
----------------------------------------------------------

25/118 Testing: PlaylistManagerTest.DeletePlaylistReturnsTrueForExistingPlaylist
25/118 Test: PlaylistManagerTest.DeletePlaylistReturnsTrueForExistingPlaylist
Command: "/home/stuti/Codes/CPP Training/Week 8/build/playlist_tests" "--gtest_filter=PlaylistManagerTest.DeletePlaylistReturnsTrueForExistingPlaylist" "--gtest_also_run_disabled_tests"
Directory: /home/stuti/Codes/CPP Training/Week 8/build/tests/src
"PlaylistManagerTest.DeletePlaylistReturnsTrueForExistingPlaylist" start time: Mar 11 12:46 IST
Output:
----------------------------------------------------------
Running main() from /build/googletest-j5yxiC/googletest-1.10.0/googletest/src/gtest_main.cc
Note: Google Test filter = PlaylistManagerTest.DeletePlaylistReturnsTrueForExistingPlaylist
[==========] Running 1 test from 1 test suite.
[----------] Global test environment set-up.
[----------] 1 test from PlaylistManagerTest
[ RUN      ] PlaylistManagerTest.DeletePlaylistReturnsTrueForExistingPlaylist
[       OK ] PlaylistManagerTest.DeletePlaylistReturnsTrueForExistingPlaylist (0 ms)
[----------] 1 test from PlaylistManagerTest (0 ms total)

[----------] Global test environment tear-down
[==========] 1 test from 1 test suite ran. (0 ms total)
[  PASSED  ] 1 test.
<end of output>
Test time =   0.00 sec
----------------------------------------------------------
Test Passed.
"PlaylistManagerTest.DeletePlaylistReturnsTrueForExistingPlaylist" end time: Mar 11 12:46 IST
"PlaylistManagerTest.DeletePlaylistReturnsTrueForExistingPlaylist" time elapsed: 00:00:00
----------------------------------------------------------

26/118 Testing: PlaylistManagerTest.DeletePlaylistRemovesFromMap
26/118 Test: PlaylistManagerTest.DeletePlaylistRemovesFromMap
Command: "/home/stuti/Codes/CPP Training/Week 8/build/playlist_tests" "--gtest_filter=PlaylistManagerTest.DeletePlaylistRemovesFromMap" "--gtest_also_run_disabled_tests"
Directory: /home/stuti/Codes/CPP Training/Week 8/build/tests/src
"PlaylistManagerTest.DeletePlaylistRemovesFromMap" start time: Mar 11 12:46 IST
Output:
----------------------------------------------------------
Running main() from /build/googletest-j5yxiC/googletest-1.10.0/googletest/src/gtest_main.cc
Note: Google Test filter = PlaylistManagerTest.DeletePlaylistRemovesFromMap
[==========] Running 1 test from 1 test suite.
[----------] Global test environment set-up.
[----------] 1 test from PlaylistManagerTest
[ RUN      ] PlaylistManagerTest.DeletePlaylistRemovesFromMap
[       OK ] PlaylistManagerTest.DeletePlaylistRemovesFromMap (0 ms)
[----------] 1 test from PlaylistManagerTest (0 ms total)

[----------] Global test environment tear-down
[==========] 1 test from 1 test suite ran. (0 ms total)
[  PASSED  ] 1 test.
<end of output>
Test time =   0.00 sec
----------------------------------------------------------
Test Passed.
"PlaylistManagerTest.DeletePlaylistRemovesFromMap" end time: Mar 11 12:46 IST
"PlaylistManagerTest.DeletePlaylistRemovesFromMap" time elapsed: 00:00:00
----------------------------------------------------------

27/118 Testing: PlaylistManagerTest.DeletePlaylistReturnsFalseForNonExistentPlaylist
27/118 Test: PlaylistManagerTest.DeletePlaylistReturnsFalseForNonExistentPlaylist
Command: "/home/stuti/Codes/CPP Training/Week 8/build/playlist_tests" "--gtest_filter=PlaylistManagerTest.DeletePlaylistReturnsFalseForNonExistentPlaylist" "--gtest_also_run_disabled_tests"
Directory: /home/stuti/Codes/CPP Training/Week 8/build/tests/src
"PlaylistManagerTest.DeletePlaylistReturnsFalseForNonExistentPlaylist" start time: Mar 11 12:46 IST
Output:
----------------------------------------------------------
Running main() from /build/googletest-j5yxiC/googletest-1.10.0/googletest/src/gtest_main.cc
Note: Google Test filter = PlaylistManagerTest.DeletePlaylistReturnsFalseForNonExistentPlaylist
[==========] Running 1 test from 1 test suite.
[----------] Global test environment set-up.
[----------] 1 test from PlaylistManagerTest
[ RUN      ] PlaylistManagerTest.DeletePlaylistReturnsFalseForNonExistentPlaylist
[       OK ] PlaylistManagerTest.DeletePlaylistReturnsFalseForNonExistentPlaylist (0 ms)
[----------] 1 test from PlaylistManagerTest (0 ms total)

[----------] Global test environment tear-down
[==========] 1 test from 1 test suite ran. (0 ms total)
[  PASSED  ] 1 test.
<end of output>
Test time =   0.00 sec
----------------------------------------------------------
Test Passed.
"PlaylistManagerTest.DeletePlaylistReturnsFalseForNonExistentPlaylist" end time: Mar 11 12:46 IST
"PlaylistManagerTest.DeletePlaylistReturnsFalseForNonExistentPlaylist" time elapsed: 00:00:00
----------------------------------------------------------

28/118 Testing: PlaylistManagerTest.DeletePlaylistDoesNotAffectOthers
28/118 Test: PlaylistManagerTest.DeletePlaylistDoesNotAffectOthers
Command: "/home/stuti/Codes/CPP Training/Week 8/build/playlist_tests" "--gtest_filter=PlaylistManagerTest.DeletePlaylistDoesNotAffectOthers" "--gtest_also_run_disabled_tests"
Directory: /home/stuti/Codes/CPP Training/Week 8/build/tests/src
"PlaylistManagerTest.DeletePlaylistDoesNotAffectOthers" start time: Mar 11 12:46 IST
Output:
----------------------------------------------------------
Running main() from /build/googletest-j5yxiC/googletest-1.10.0/googletest/src/gtest_main.cc
Note: Google Test filter = PlaylistManagerTest.DeletePlaylistDoesNotAffectOthers
[==========] Running 1 test from 1 test suite.
[----------] Global test environment set-up.
[----------] 1 test from PlaylistManagerTest
[ RUN      ] PlaylistManagerTest.DeletePlaylistDoesNotAffectOthers
[       OK ] PlaylistManagerTest.DeletePlaylistDoesNotAffectOthers (0 ms)
[----------] 1 test from PlaylistManagerTest (0 ms total)

[----------] Global test environment tear-down
[==========] 1 test from 1 test suite ran. (0 ms total)
[  PASSED  ] 1 test.
<end of output>
Test time =   0.00 sec
----------------------------------------------------------
Test Passed.
"PlaylistManagerTest.DeletePlaylistDoesNotAffectOthers" end time: Mar 11 12:46 IST
"PlaylistManagerTest.DeletePlaylistDoesNotAffectOthers" time elapsed: 00:00:00
----------------------------------------------------------

29/118 Testing: PlaylistManagerTest.GetPlaylistReturnsNonNullForExisting
29/118 Test: PlaylistManagerTest.GetPlaylistReturnsNonNullForExisting
Command: "/home/stuti/Codes/CPP Training/Week 8/build/playlist_tests" "--gtest_filter=PlaylistManagerTest.GetPlaylistReturnsNonNullForExisting" "--gtest_also_run_disabled_tests"
Directory: /home/stuti/Codes/CPP Training/Week 8/build/tests/src
"PlaylistManagerTest.GetPlaylistReturnsNonNullForExisting" start time: Mar 11 12:46 IST
Output:
----------------------------------------------------------
Running main() from /build/googletest-j5yxiC/googletest-1.10.0/googletest/src/gtest_main.cc
Note: Google Test filter = PlaylistManagerTest.GetPlaylistReturnsNonNullForExisting
[==========] Running 1 test from 1 test suite.
[----------] Global test environment set-up.
[----------] 1 test from PlaylistManagerTest
[ RUN      ] PlaylistManagerTest.GetPlaylistReturnsNonNullForExisting
[       OK ] PlaylistManagerTest.GetPlaylistReturnsNonNullForExisting (0 ms)
[----------] 1 test from PlaylistManagerTest (0 ms total)

[----------] Global test environment tear-down
[==========] 1 test from 1 test suite ran. (0 ms total)
[  PASSED  ] 1 test.
<end of output>
Test time =   0.00 sec
----------------------------------------------------------
Test Passed.
"PlaylistManagerTest.GetPlaylistReturnsNonNullForExisting" end time: Mar 11 12:46 IST
"PlaylistManagerTest.GetPlaylistReturnsNonNullForExisting" time elapsed: 00:00:00
----------------------------------------------------------

30/118 Testing: PlaylistManagerTest.GetPlaylistReturnsNullForNonExistent
30/118 Test: PlaylistManagerTest.GetPlaylistReturnsNullForNonExistent
Command: "/home/stuti/Codes/CPP Training/Week 8/build/playlist_tests" "--gtest_filter=PlaylistManagerTest.GetPlaylistReturnsNullForNonExistent" "--gtest_also_run_disabled_tests"
Directory: /home/stuti/Codes/CPP Training/Week 8/build/tests/src
"PlaylistManagerTest.GetPlaylistReturnsNullForNonExistent" start time: Mar 11 12:46 IST
Output:
----------------------------------------------------------
Running main() from /build/googletest-j5yxiC/googletest-1.10.0/googletest/src/gtest_main.cc
Note: Google Test filter = PlaylistManagerTest.GetPlaylistReturnsNullForNonExistent
[==========] Running 1 test from 1 test suite.
[----------] Global test environment set-up.
[----------] 1 test from PlaylistManagerTest
[ RUN      ] PlaylistManagerTest.GetPlaylistReturnsNullForNonExistent
[       OK ] PlaylistManagerTest.GetPlaylistReturnsNullForNonExistent (0 ms)
[----------] 1 test from PlaylistManagerTest (0 ms total)

[----------] Global test environment tear-down
[==========] 1 test from 1 test suite ran. (0 ms total)
[  PASSED  ] 1 test.
<end of output>
Test time =   0.00 sec
----------------------------------------------------------
Test Passed.
"PlaylistManagerTest.GetPlaylistReturnsNullForNonExistent" end time: Mar 11 12:46 IST
"PlaylistManagerTest.GetPlaylistReturnsNullForNonExistent" time elapsed: 00:00:00
----------------------------------------------------------

31/118 Testing: PlaylistManagerTest.GetPlaylistReturnsCorrectName
31/118 Test: PlaylistManagerTest.GetPlaylistReturnsCorrectName
Command: "/home/stuti/Codes/CPP Training/Week 8/build/playlist_tests" "--gtest_filter=PlaylistManagerTest.GetPlaylistReturnsCorrectName" "--gtest_also_run_disabled_tests"
Directory: /home/stuti/Codes/CPP Training/Week 8/build/tests/src
"PlaylistManagerTest.GetPlaylistReturnsCorrectName" start time: Mar 11 12:46 IST
Output:
----------------------------------------------------------
Running main() from /build/googletest-j5yxiC/googletest-1.10.0/googletest/src/gtest_main.cc
Note: Google Test filter = PlaylistManagerTest.GetPlaylistReturnsCorrectName
[==========] Running 1 test from 1 test suite.
[----------] Global test environment set-up.
[----------] 1 test from PlaylistManagerTest
[ RUN      ] PlaylistManagerTest.GetPlaylistReturnsCorrectName
[       OK ] PlaylistManagerTest.GetPlaylistReturnsCorrectName (0 ms)
[----------] 1 test from PlaylistManagerTest (0 ms total)

[----------] Global test environment tear-down
[==========] 1 test from 1 test suite ran. (0 ms total)
[  PASSED  ] 1 test.
<end of output>
Test time =   0.00 sec
----------------------------------------------------------
Test Passed.
"PlaylistManagerTest.GetPlaylistReturnsCorrectName" end time: Mar 11 12:46 IST
"PlaylistManagerTest.GetPlaylistReturnsCorrectName" time elapsed: 00:00:00
----------------------------------------------------------

32/118 Testing: PlaylistManagerTest.PlaylistExistsReturnsTrueAfterCreate
32/118 Test: PlaylistManagerTest.PlaylistExistsReturnsTrueAfterCreate
Command: "/home/stuti/Codes/CPP Training/Week 8/build/playlist_tests" "--gtest_filter=PlaylistManagerTest.PlaylistExistsReturnsTrueAfterCreate" "--gtest_also_run_disabled_tests"
Directory: /home/stuti/Codes/CPP Training/Week 8/build/tests/src
"PlaylistManagerTest.PlaylistExistsReturnsTrueAfterCreate" start time: Mar 11 12:46 IST
Output:
----------------------------------------------------------
Running main() from /build/googletest-j5yxiC/googletest-1.10.0/googletest/src/gtest_main.cc
Note: Google Test filter = PlaylistManagerTest.PlaylistExistsReturnsTrueAfterCreate
[==========] Running 1 test from 1 test suite.
[----------] Global test environment set-up.
[----------] 1 test from PlaylistManagerTest
[ RUN      ] PlaylistManagerTest.PlaylistExistsReturnsTrueAfterCreate
[       OK ] PlaylistManagerTest.PlaylistExistsReturnsTrueAfterCreate (0 ms)
[----------] 1 test from PlaylistManagerTest (0 ms total)

[----------] Global test environment tear-down
[==========] 1 test from 1 test suite ran. (0 ms total)
[  PASSED  ] 1 test.
<end of output>
Test time =   0.00 sec
----------------------------------------------------------
Test Passed.
"PlaylistManagerTest.PlaylistExistsReturnsTrueAfterCreate" end time: Mar 11 12:46 IST
"PlaylistManagerTest.PlaylistExistsReturnsTrueAfterCreate" time elapsed: 00:00:00
----------------------------------------------------------

33/118 Testing: PlaylistManagerTest.PlaylistExistsReturnsFalseForNonExistent
33/118 Test: PlaylistManagerTest.PlaylistExistsReturnsFalseForNonExistent
Command: "/home/stuti/Codes/CPP Training/Week 8/build/playlist_tests" "--gtest_filter=PlaylistManagerTest.PlaylistExistsReturnsFalseForNonExistent" "--gtest_also_run_disabled_tests"
Directory: /home/stuti/Codes/CPP Training/Week 8/build/tests/src
"PlaylistManagerTest.PlaylistExistsReturnsFalseForNonExistent" start time: Mar 11 12:46 IST
Output:
----------------------------------------------------------
Running main() from /build/googletest-j5yxiC/googletest-1.10.0/googletest/src/gtest_main.cc
Note: Google Test filter = PlaylistManagerTest.PlaylistExistsReturnsFalseForNonExistent
[==========] Running 1 test from 1 test suite.
[----------] Global test environment set-up.
[----------] 1 test from PlaylistManagerTest
[ RUN      ] PlaylistManagerTest.PlaylistExistsReturnsFalseForNonExistent
[       OK ] PlaylistManagerTest.PlaylistExistsReturnsFalseForNonExistent (0 ms)
[----------] 1 test from PlaylistManagerTest (0 ms total)

[----------] Global test environment tear-down
[==========] 1 test from 1 test suite ran. (0 ms total)
[  PASSED  ] 1 test.
<end of output>
Test time =   0.00 sec
----------------------------------------------------------
Test Passed.
"PlaylistManagerTest.PlaylistExistsReturnsFalseForNonExistent" end time: Mar 11 12:46 IST
"PlaylistManagerTest.PlaylistExistsReturnsFalseForNonExistent" time elapsed: 00:00:00
----------------------------------------------------------

34/118 Testing: PlaylistManagerTest.PlaylistExistsReturnsFalseAfterDelete
34/118 Test: PlaylistManagerTest.PlaylistExistsReturnsFalseAfterDelete
Command: "/home/stuti/Codes/CPP Training/Week 8/build/playlist_tests" "--gtest_filter=PlaylistManagerTest.PlaylistExistsReturnsFalseAfterDelete" "--gtest_also_run_disabled_tests"
Directory: /home/stuti/Codes/CPP Training/Week 8/build/tests/src
"PlaylistManagerTest.PlaylistExistsReturnsFalseAfterDelete" start time: Mar 11 12:46 IST
Output:
----------------------------------------------------------
Running main() from /build/googletest-j5yxiC/googletest-1.10.0/googletest/src/gtest_main.cc
Note: Google Test filter = PlaylistManagerTest.PlaylistExistsReturnsFalseAfterDelete
[==========] Running 1 test from 1 test suite.
[----------] Global test environment set-up.
[----------] 1 test from PlaylistManagerTest
[ RUN      ] PlaylistManagerTest.PlaylistExistsReturnsFalseAfterDelete
[       OK ] PlaylistManagerTest.PlaylistExistsReturnsFalseAfterDelete (0 ms)
[----------] 1 test from PlaylistManagerTest (0 ms total)

[----------] Global test environment tear-down
[==========] 1 test from 1 test suite ran. (0 ms total)
[  PASSED  ] 1 test.
<end of output>
Test time =   0.00 sec
----------------------------------------------------------
Test Passed.
"PlaylistManagerTest.PlaylistExistsReturnsFalseAfterDelete" end time: Mar 11 12:46 IST
"PlaylistManagerTest.PlaylistExistsReturnsFalseAfterDelete" time elapsed: 00:00:00
----------------------------------------------------------

35/118 Testing: PlaylistManagerTest.PlaylistsAreStoredAlphabetically
35/118 Test: PlaylistManagerTest.PlaylistsAreStoredAlphabetically
Command: "/home/stuti/Codes/CPP Training/Week 8/build/playlist_tests" "--gtest_filter=PlaylistManagerTest.PlaylistsAreStoredAlphabetically" "--gtest_also_run_disabled_tests"
Directory: /home/stuti/Codes/CPP Training/Week 8/build/tests/src
"PlaylistManagerTest.PlaylistsAreStoredAlphabetically" start time: Mar 11 12:46 IST
Output:
----------------------------------------------------------
Running main() from /build/googletest-j5yxiC/googletest-1.10.0/googletest/src/gtest_main.cc
Note: Google Test filter = PlaylistManagerTest.PlaylistsAreStoredAlphabetically
[==========] Running 1 test from 1 test suite.
[----------] Global test environment set-up.
[----------] 1 test from PlaylistManagerTest
[ RUN      ] PlaylistManagerTest.PlaylistsAreStoredAlphabetically
[       OK ] PlaylistManagerTest.PlaylistsAreStoredAlphabetically (0 ms)
[----------] 1 test from PlaylistManagerTest (0 ms total)

[----------] Global test environment tear-down
[==========] 1 test from 1 test suite ran. (0 ms total)
[  PASSED  ] 1 test.
<end of output>
Test time =   0.00 sec
----------------------------------------------------------
Test Passed.
"PlaylistManagerTest.PlaylistsAreStoredAlphabetically" end time: Mar 11 12:46 IST
"PlaylistManagerTest.PlaylistsAreStoredAlphabetically" time elapsed: 00:00:00
----------------------------------------------------------

36/118 Testing: PlaylistManagerSaveTest.SavePlaylistDoesNotLogAnything
36/118 Test: PlaylistManagerSaveTest.SavePlaylistDoesNotLogAnything
Command: "/home/stuti/Codes/CPP Training/Week 8/build/playlist_tests" "--gtest_filter=PlaylistManagerSaveTest.SavePlaylistDoesNotLogAnything" "--gtest_also_run_disabled_tests"
Directory: /home/stuti/Codes/CPP Training/Week 8/build/tests/src
"PlaylistManagerSaveTest.SavePlaylistDoesNotLogAnything" start time: Mar 11 12:46 IST
Output:
----------------------------------------------------------
Running main() from /build/googletest-j5yxiC/googletest-1.10.0/googletest/src/gtest_main.cc
Note: Google Test filter = PlaylistManagerSaveTest.SavePlaylistDoesNotLogAnything
[==========] Running 1 test from 1 test suite.
[----------] Global test environment set-up.
[----------] 1 test from PlaylistManagerSaveTest
[ RUN      ] PlaylistManagerSaveTest.SavePlaylistDoesNotLogAnything
[       OK ] PlaylistManagerSaveTest.SavePlaylistDoesNotLogAnything (1 ms)
[----------] 1 test from PlaylistManagerSaveTest (1 ms total)

[----------] Global test environment tear-down
[==========] 1 test from 1 test suite ran. (1 ms total)
[  PASSED  ] 1 test.
<end of output>
Test time =   0.00 sec
----------------------------------------------------------
Test Passed.
"PlaylistManagerSaveTest.SavePlaylistDoesNotLogAnything" end time: Mar 11 12:46 IST
"PlaylistManagerSaveTest.SavePlaylistDoesNotLogAnything" time elapsed: 00:00:00
----------------------------------------------------------

37/118 Testing: PlaylistManagerSaveTest.SavePlaylistCreatesFile
37/118 Test: PlaylistManagerSaveTest.SavePlaylistCreatesFile
Command: "/home/stuti/Codes/CPP Training/Week 8/build/playlist_tests" "--gtest_filter=PlaylistManagerSaveTest.SavePlaylistCreatesFile" "--gtest_also_run_disabled_tests"
Directory: /home/stuti/Codes/CPP Training/Week 8/build/tests/src
"PlaylistManagerSaveTest.SavePlaylistCreatesFile" start time: Mar 11 12:46 IST
Output:
----------------------------------------------------------
Running main() from /build/googletest-j5yxiC/googletest-1.10.0/googletest/src/gtest_main.cc
Note: Google Test filter = PlaylistManagerSaveTest.SavePlaylistCreatesFile
[==========] Running 1 test from 1 test suite.
[----------] Global test environment set-up.
[----------] 1 test from PlaylistManagerSaveTest
[ RUN      ] PlaylistManagerSaveTest.SavePlaylistCreatesFile
[       OK ] PlaylistManagerSaveTest.SavePlaylistCreatesFile (2 ms)
[----------] 1 test from PlaylistManagerSaveTest (2 ms total)

[----------] Global test environment tear-down
[==========] 1 test from 1 test suite ran. (2 ms total)
[  PASSED  ] 1 test.
<end of output>
Test time =   0.00 sec
----------------------------------------------------------
Test Passed.
"PlaylistManagerSaveTest.SavePlaylistCreatesFile" end time: Mar 11 12:46 IST
"PlaylistManagerSaveTest.SavePlaylistCreatesFile" time elapsed: 00:00:00
----------------------------------------------------------

38/118 Testing: PlaylistManagerSaveTest.SavePlaylistWritesSongFilenames
38/118 Test: PlaylistManagerSaveTest.SavePlaylistWritesSongFilenames
Command: "/home/stuti/Codes/CPP Training/Week 8/build/playlist_tests" "--gtest_filter=PlaylistManagerSaveTest.SavePlaylistWritesSongFilenames" "--gtest_also_run_disabled_tests"
Directory: /home/stuti/Codes/CPP Training/Week 8/build/tests/src
"PlaylistManagerSaveTest.SavePlaylistWritesSongFilenames" start time: Mar 11 12:46 IST
Output:
----------------------------------------------------------
Running main() from /build/googletest-j5yxiC/googletest-1.10.0/googletest/src/gtest_main.cc
Note: Google Test filter = PlaylistManagerSaveTest.SavePlaylistWritesSongFilenames
[==========] Running 1 test from 1 test suite.
[----------] Global test environment set-up.
[----------] 1 test from PlaylistManagerSaveTest
[ RUN      ] PlaylistManagerSaveTest.SavePlaylistWritesSongFilenames
[       OK ] PlaylistManagerSaveTest.SavePlaylistWritesSongFilenames (73 ms)
[----------] 1 test from PlaylistManagerSaveTest (73 ms total)

[----------] Global test environment tear-down
[==========] 1 test from 1 test suite ran. (73 ms total)
[  PASSED  ] 1 test.
<end of output>
Test time =   0.08 sec
----------------------------------------------------------
Test Passed.
"PlaylistManagerSaveTest.SavePlaylistWritesSongFilenames" end time: Mar 11 12:46 IST
"PlaylistManagerSaveTest.SavePlaylistWritesSongFilenames" time elapsed: 00:00:00
----------------------------------------------------------

39/118 Testing: PlaylistManagerLibraryTest.LoadLibraryFindsOggFiles
39/118 Test: PlaylistManagerLibraryTest.LoadLibraryFindsOggFiles
Command: "/home/stuti/Codes/CPP Training/Week 8/build/playlist_tests" "--gtest_filter=PlaylistManagerLibraryTest.LoadLibraryFindsOggFiles" "--gtest_also_run_disabled_tests"
Directory: /home/stuti/Codes/CPP Training/Week 8/build/tests/src
"PlaylistManagerLibraryTest.LoadLibraryFindsOggFiles" start time: Mar 11 12:46 IST
Output:
----------------------------------------------------------
Running main() from /build/googletest-j5yxiC/googletest-1.10.0/googletest/src/gtest_main.cc
Note: Google Test filter = PlaylistManagerLibraryTest.LoadLibraryFindsOggFiles
[==========] Running 1 test from 1 test suite.
[----------] Global test environment set-up.
[----------] 1 test from PlaylistManagerLibraryTest
[ RUN      ] PlaylistManagerLibraryTest.LoadLibraryFindsOggFiles
[       OK ] PlaylistManagerLibraryTest.LoadLibraryFindsOggFiles (89 ms)
[----------] 1 test from PlaylistManagerLibraryTest (89 ms total)

[----------] Global test environment tear-down
[==========] 1 test from 1 test suite ran. (89 ms total)
[  PASSED  ] 1 test.
<end of output>
Test time =   0.09 sec
----------------------------------------------------------
Test Passed.
"PlaylistManagerLibraryTest.LoadLibraryFindsOggFiles" end time: Mar 11 12:46 IST
"PlaylistManagerLibraryTest.LoadLibraryFindsOggFiles" time elapsed: 00:00:00
----------------------------------------------------------

40/118 Testing: PlaylistManagerLibraryTest.LoadLibraryIgnoresNonOggFiles
40/118 Test: PlaylistManagerLibraryTest.LoadLibraryIgnoresNonOggFiles
Command: "/home/stuti/Codes/CPP Training/Week 8/build/playlist_tests" "--gtest_filter=PlaylistManagerLibraryTest.LoadLibraryIgnoresNonOggFiles" "--gtest_also_run_disabled_tests"
Directory: /home/stuti/Codes/CPP Training/Week 8/build/tests/src
"PlaylistManagerLibraryTest.LoadLibraryIgnoresNonOggFiles" start time: Mar 11 12:46 IST
Output:
----------------------------------------------------------
Running main() from /build/googletest-j5yxiC/googletest-1.10.0/googletest/src/gtest_main.cc
Note: Google Test filter = PlaylistManagerLibraryTest.LoadLibraryIgnoresNonOggFiles
[==========] Running 1 test from 1 test suite.
[----------] Global test environment set-up.
[----------] 1 test from PlaylistManagerLibraryTest
[ RUN      ] PlaylistManagerLibraryTest.LoadLibraryIgnoresNonOggFiles
[       OK ] PlaylistManagerLibraryTest.LoadLibraryIgnoresNonOggFiles (77 ms)
[----------] 1 test from PlaylistManagerLibraryTest (77 ms total)

[----------] Global test environment tear-down
[==========] 1 test from 1 test suite ran. (77 ms total)
[  PASSED  ] 1 test.
<end of output>
Test time =   0.08 sec
----------------------------------------------------------
Test Passed.
"PlaylistManagerLibraryTest.LoadLibraryIgnoresNonOggFiles" end time: Mar 11 12:46 IST
"PlaylistManagerLibraryTest.LoadLibraryIgnoresNonOggFiles" time elapsed: 00:00:00
----------------------------------------------------------

41/118 Testing: PlaylistManagerLibraryTest.LoadLibrarySongsAreSortedAlphabetically
41/118 Test: PlaylistManagerLibraryTest.LoadLibrarySongsAreSortedAlphabetically
Command: "/home/stuti/Codes/CPP Training/Week 8/build/playlist_tests" "--gtest_filter=PlaylistManagerLibraryTest.LoadLibrarySongsAreSortedAlphabetically" "--gtest_also_run_disabled_tests"
Directory: /home/stuti/Codes/CPP Training/Week 8/build/tests/src
"PlaylistManagerLibraryTest.LoadLibrarySongsAreSortedAlphabetically" start time: Mar 11 12:46 IST
Output:
----------------------------------------------------------
Running main() from /build/googletest-j5yxiC/googletest-1.10.0/googletest/src/gtest_main.cc
Note: Google Test filter = PlaylistManagerLibraryTest.LoadLibrarySongsAreSortedAlphabetically
[==========] Running 1 test from 1 test suite.
[----------] Global test environment set-up.
[----------] 1 test from PlaylistManagerLibraryTest
[ RUN      ] PlaylistManagerLibraryTest.LoadLibrarySongsAreSortedAlphabetically
[       OK ] PlaylistManagerLibraryTest.LoadLibrarySongsAreSortedAlphabetically (82 ms)
[----------] 1 test from PlaylistManagerLibraryTest (82 ms total)

[----------] Global test environment tear-down
[==========] 1 test from 1 test suite ran. (82 ms total)
[  PASSED  ] 1 test.
<end of output>
Test time =   0.08 sec
----------------------------------------------------------
Test Passed.
"PlaylistManagerLibraryTest.LoadLibrarySongsAreSortedAlphabetically" end time: Mar 11 12:46 IST
"PlaylistManagerLibraryTest.LoadLibrarySongsAreSortedAlphabetically" time elapsed: 00:00:00
----------------------------------------------------------

42/118 Testing: PlaylistManagerLibraryTest.LoadLibraryStripsOggExtensionFromTitle
42/118 Test: PlaylistManagerLibraryTest.LoadLibraryStripsOggExtensionFromTitle
Command: "/home/stuti/Codes/CPP Training/Week 8/build/playlist_tests" "--gtest_filter=PlaylistManagerLibraryTest.LoadLibraryStripsOggExtensionFromTitle" "--gtest_also_run_disabled_tests"
Directory: /home/stuti/Codes/CPP Training/Week 8/build/tests/src
"PlaylistManagerLibraryTest.LoadLibraryStripsOggExtensionFromTitle" start time: Mar 11 12:46 IST
Output:
----------------------------------------------------------
Running main() from /build/googletest-j5yxiC/googletest-1.10.0/googletest/src/gtest_main.cc
Note: Google Test filter = PlaylistManagerLibraryTest.LoadLibraryStripsOggExtensionFromTitle
[==========] Running 1 test from 1 test suite.
[----------] Global test environment set-up.
[----------] 1 test from PlaylistManagerLibraryTest
[ RUN      ] PlaylistManagerLibraryTest.LoadLibraryStripsOggExtensionFromTitle
[       OK ] PlaylistManagerLibraryTest.LoadLibraryStripsOggExtensionFromTitle (63 ms)
[----------] 1 test from PlaylistManagerLibraryTest (63 ms total)

[----------] Global test environment tear-down
[==========] 1 test from 1 test suite ran. (63 ms total)
[  PASSED  ] 1 test.
<end of output>
Test time =   0.07 sec
----------------------------------------------------------
Test Passed.
"PlaylistManagerLibraryTest.LoadLibraryStripsOggExtensionFromTitle" end time: Mar 11 12:46 IST
"PlaylistManagerLibraryTest.LoadLibraryStripsOggExtensionFromTitle" time elapsed: 00:00:00
----------------------------------------------------------

43/118 Testing: PlaylistManagerLibraryTest.LoadLibrarySongHasCorrectFilePath
43/118 Test: PlaylistManagerLibraryTest.LoadLibrarySongHasCorrectFilePath
Command: "/home/stuti/Codes/CPP Training/Week 8/build/playlist_tests" "--gtest_filter=PlaylistManagerLibraryTest.LoadLibrarySongHasCorrectFilePath" "--gtest_also_run_disabled_tests"
Directory: /home/stuti/Codes/CPP Training/Week 8/build/tests/src
"PlaylistManagerLibraryTest.LoadLibrarySongHasCorrectFilePath" start time: Mar 11 12:46 IST
Output:
----------------------------------------------------------
Running main() from /build/googletest-j5yxiC/googletest-1.10.0/googletest/src/gtest_main.cc
Note: Google Test filter = PlaylistManagerLibraryTest.LoadLibrarySongHasCorrectFilePath
[==========] Running 1 test from 1 test suite.
[----------] Global test environment set-up.
[----------] 1 test from PlaylistManagerLibraryTest
[ RUN      ] PlaylistManagerLibraryTest.LoadLibrarySongHasCorrectFilePath
[       OK ] PlaylistManagerLibraryTest.LoadLibrarySongHasCorrectFilePath (63 ms)
[----------] 1 test from PlaylistManagerLibraryTest (63 ms total)

[----------] Global test environment tear-down
[==========] 1 test from 1 test suite ran. (63 ms total)
[  PASSED  ] 1 test.
<end of output>
Test time =   0.06 sec
----------------------------------------------------------
Test Passed.
"PlaylistManagerLibraryTest.LoadLibrarySongHasCorrectFilePath" end time: Mar 11 12:46 IST
"PlaylistManagerLibraryTest.LoadLibrarySongHasCorrectFilePath" time elapsed: 00:00:00
----------------------------------------------------------

44/118 Testing: PlaylistManagerLibraryTest.LoadLibraryReplacesOldLibraryOnReload
44/118 Test: PlaylistManagerLibraryTest.LoadLibraryReplacesOldLibraryOnReload
Command: "/home/stuti/Codes/CPP Training/Week 8/build/playlist_tests" "--gtest_filter=PlaylistManagerLibraryTest.LoadLibraryReplacesOldLibraryOnReload" "--gtest_also_run_disabled_tests"
Directory: /home/stuti/Codes/CPP Training/Week 8/build/tests/src
"PlaylistManagerLibraryTest.LoadLibraryReplacesOldLibraryOnReload" start time: Mar 11 12:46 IST
Output:
----------------------------------------------------------
Running main() from /build/googletest-j5yxiC/googletest-1.10.0/googletest/src/gtest_main.cc
Note: Google Test filter = PlaylistManagerLibraryTest.LoadLibraryReplacesOldLibraryOnReload
[==========] Running 1 test from 1 test suite.
[----------] Global test environment set-up.
[----------] 1 test from PlaylistManagerLibraryTest
[ RUN      ] PlaylistManagerLibraryTest.LoadLibraryReplacesOldLibraryOnReload
[       OK ] PlaylistManagerLibraryTest.LoadLibraryReplacesOldLibraryOnReload (56 ms)
[----------] 1 test from PlaylistManagerLibraryTest (56 ms total)

[----------] Global test environment tear-down
[==========] 1 test from 1 test suite ran. (56 ms total)
[  PASSED  ] 1 test.
<end of output>
Test time =   0.06 sec
----------------------------------------------------------
Test Passed.
"PlaylistManagerLibraryTest.LoadLibraryReplacesOldLibraryOnReload" end time: Mar 11 12:46 IST
"PlaylistManagerLibraryTest.LoadLibraryReplacesOldLibraryOnReload" time elapsed: 00:00:00
----------------------------------------------------------

45/118 Testing: PlaylistTest.NameIsCorrectOnCreation
45/118 Test: PlaylistTest.NameIsCorrectOnCreation
Command: "/home/stuti/Codes/CPP Training/Week 8/build/playlist_tests" "--gtest_filter=PlaylistTest.NameIsCorrectOnCreation" "--gtest_also_run_disabled_tests"
Directory: /home/stuti/Codes/CPP Training/Week 8/build/tests/src
"PlaylistTest.NameIsCorrectOnCreation" start time: Mar 11 12:46 IST
Output:
----------------------------------------------------------
Running main() from /build/googletest-j5yxiC/googletest-1.10.0/googletest/src/gtest_main.cc
Note: Google Test filter = PlaylistTest.NameIsCorrectOnCreation
[==========] Running 1 test from 1 test suite.
[----------] Global test environment set-up.
[----------] 1 test from PlaylistTest
[ RUN      ] PlaylistTest.NameIsCorrectOnCreation
[       OK ] PlaylistTest.NameIsCorrectOnCreation (0 ms)
[----------] 1 test from PlaylistTest (0 ms total)

[----------] Global test environment tear-down
[==========] 1 test from 1 test suite ran. (0 ms total)
[  PASSED  ] 1 test.
<end of output>
Test time =   0.00 sec
----------------------------------------------------------
Test Passed.
"PlaylistTest.NameIsCorrectOnCreation" end time: Mar 11 12:46 IST
"PlaylistTest.NameIsCorrectOnCreation" time elapsed: 00:00:00
----------------------------------------------------------

46/118 Testing: PlaylistTest.IsEmptyOnCreation
46/118 Test: PlaylistTest.IsEmptyOnCreation
Command: "/home/stuti/Codes/CPP Training/Week 8/build/playlist_tests" "--gtest_filter=PlaylistTest.IsEmptyOnCreation" "--gtest_also_run_disabled_tests"
Directory: /home/stuti/Codes/CPP Training/Week 8/build/tests/src
"PlaylistTest.IsEmptyOnCreation" start time: Mar 11 12:46 IST
Output:
----------------------------------------------------------
Running main() from /build/googletest-j5yxiC/googletest-1.10.0/googletest/src/gtest_main.cc
Note: Google Test filter = PlaylistTest.IsEmptyOnCreation
[==========] Running 1 test from 1 test suite.
[----------] Global test environment set-up.
[----------] 1 test from PlaylistTest
[ RUN      ] PlaylistTest.IsEmptyOnCreation
[       OK ] PlaylistTest.IsEmptyOnCreation (0 ms)
[----------] 1 test from PlaylistTest (0 ms total)

[----------] Global test environment tear-down
[==========] 1 test from 1 test suite ran. (0 ms total)
[  PASSED  ] 1 test.
<end of output>
Test time =   0.00 sec
----------------------------------------------------------
Test Passed.
"PlaylistTest.IsEmptyOnCreation" end time: Mar 11 12:46 IST
"PlaylistTest.IsEmptyOnCreation" time elapsed: 00:00:00
----------------------------------------------------------

47/118 Testing: PlaylistTest.HasNoSongsOnCreation
47/118 Test: PlaylistTest.HasNoSongsOnCreation
Command: "/home/stuti/Codes/CPP Training/Week 8/build/playlist_tests" "--gtest_filter=PlaylistTest.HasNoSongsOnCreation" "--gtest_also_run_disabled_tests"
Directory: /home/stuti/Codes/CPP Training/Week 8/build/tests/src
"PlaylistTest.HasNoSongsOnCreation" start time: Mar 11 12:46 IST
Output:
----------------------------------------------------------
Running main() from /build/googletest-j5yxiC/googletest-1.10.0/googletest/src/gtest_main.cc
Note: Google Test filter = PlaylistTest.HasNoSongsOnCreation
[==========] Running 1 test from 1 test suite.
[----------] Global test environment set-up.
[----------] 1 test from PlaylistTest
[ RUN      ] PlaylistTest.HasNoSongsOnCreation
[       OK ] PlaylistTest.HasNoSongsOnCreation (0 ms)
[----------] 1 test from PlaylistTest (0 ms total)

[----------] Global test environment tear-down
[==========] 1 test from 1 test suite ran. (0 ms total)
[  PASSED  ] 1 test.
<end of output>
Test time =   0.00 sec
----------------------------------------------------------
Test Passed.
"PlaylistTest.HasNoSongsOnCreation" end time: Mar 11 12:46 IST
"PlaylistTest.HasNoSongsOnCreation" time elapsed: 00:00:00
----------------------------------------------------------

48/118 Testing: PlaylistTest.CurrentIndexIsZeroOnCreation
48/118 Test: PlaylistTest.CurrentIndexIsZeroOnCreation
Command: "/home/stuti/Codes/CPP Training/Week 8/build/playlist_tests" "--gtest_filter=PlaylistTest.CurrentIndexIsZeroOnCreation" "--gtest_also_run_disabled_tests"
Directory: /home/stuti/Codes/CPP Training/Week 8/build/tests/src
"PlaylistTest.CurrentIndexIsZeroOnCreation" start time: Mar 11 12:46 IST
Output:
----------------------------------------------------------
Running main() from /build/googletest-j5yxiC/googletest-1.10.0/googletest/src/gtest_main.cc
Note: Google Test filter = PlaylistTest.CurrentIndexIsZeroOnCreation
[==========] Running 1 test from 1 test suite.
[----------] Global test environment set-up.
[----------] 1 test from PlaylistTest
[ RUN      ] PlaylistTest.CurrentIndexIsZeroOnCreation
[       OK ] PlaylistTest.CurrentIndexIsZeroOnCreation (0 ms)
[----------] 1 test from PlaylistTest (0 ms total)

[----------] Global test environment tear-down
[==========] 1 test from 1 test suite ran. (0 ms total)
[  PASSED  ] 1 test.
<end of output>
Test time =   0.00 sec
----------------------------------------------------------
Test Passed.
"PlaylistTest.CurrentIndexIsZeroOnCreation" end time: Mar 11 12:46 IST
"PlaylistTest.CurrentIndexIsZeroOnCreation" time elapsed: 00:00:00
----------------------------------------------------------

49/118 Testing: PlaylistTest.GetCurrentSongReturnsNullWhenEmpty
49/118 Test: PlaylistTest.GetCurrentSongReturnsNullWhenEmpty
Command: "/home/stuti/Codes/CPP Training/Week 8/build/playlist_tests" "--gtest_filter=PlaylistTest.GetCurrentSongReturnsNullWhenEmpty" "--gtest_also_run_disabled_tests"
Directory: /home/stuti/Codes/CPP Training/Week 8/build/tests/src
"PlaylistTest.GetCurrentSongReturnsNullWhenEmpty" start time: Mar 11 12:46 IST
Output:
----------------------------------------------------------
Running main() from /build/googletest-j5yxiC/googletest-1.10.0/googletest/src/gtest_main.cc
Note: Google Test filter = PlaylistTest.GetCurrentSongReturnsNullWhenEmpty
[==========] Running 1 test from 1 test suite.
[----------] Global test environment set-up.
[----------] 1 test from PlaylistTest
[ RUN      ] PlaylistTest.GetCurrentSongReturnsNullWhenEmpty
[       OK ] PlaylistTest.GetCurrentSongReturnsNullWhenEmpty (0 ms)
[----------] 1 test from PlaylistTest (0 ms total)

[----------] Global test environment tear-down
[==========] 1 test from 1 test suite ran. (0 ms total)
[  PASSED  ] 1 test.
<end of output>
Test time =   0.00 sec
----------------------------------------------------------
Test Passed.
"PlaylistTest.GetCurrentSongReturnsNullWhenEmpty" end time: Mar 11 12:46 IST
"PlaylistTest.GetCurrentSongReturnsNullWhenEmpty" time elapsed: 00:00:00
----------------------------------------------------------

50/118 Testing: PlaylistTest.AddSongIncreasesSongCount
50/118 Test: PlaylistTest.AddSongIncreasesSongCount
Command: "/home/stuti/Codes/CPP Training/Week 8/build/playlist_tests" "--gtest_filter=PlaylistTest.AddSongIncreasesSongCount" "--gtest_also_run_disabled_tests"
Directory: /home/stuti/Codes/CPP Training/Week 8/build/tests/src
"PlaylistTest.AddSongIncreasesSongCount" start time: Mar 11 12:46 IST
Output:
----------------------------------------------------------
Running main() from /build/googletest-j5yxiC/googletest-1.10.0/googletest/src/gtest_main.cc
Note: Google Test filter = PlaylistTest.AddSongIncreasesSongCount
[==========] Running 1 test from 1 test suite.
[----------] Global test environment set-up.
[----------] 1 test from PlaylistTest
[ RUN      ] PlaylistTest.AddSongIncreasesSongCount
[       OK ] PlaylistTest.AddSongIncreasesSongCount (0 ms)
[----------] 1 test from PlaylistTest (0 ms total)

[----------] Global test environment tear-down
[==========] 1 test from 1 test suite ran. (0 ms total)
[  PASSED  ] 1 test.
<end of output>
Test time =   0.00 sec
----------------------------------------------------------
Test Passed.
"PlaylistTest.AddSongIncreasesSongCount" end time: Mar 11 12:46 IST
"PlaylistTest.AddSongIncreasesSongCount" time elapsed: 00:00:00
----------------------------------------------------------

51/118 Testing: PlaylistTest.AddMultipleSongsIncreasesSongCount
51/118 Test: PlaylistTest.AddMultipleSongsIncreasesSongCount
Command: "/home/stuti/Codes/CPP Training/Week 8/build/playlist_tests" "--gtest_filter=PlaylistTest.AddMultipleSongsIncreasesSongCount" "--gtest_also_run_disabled_tests"
Directory: /home/stuti/Codes/CPP Training/Week 8/build/tests/src
"PlaylistTest.AddMultipleSongsIncreasesSongCount" start time: Mar 11 12:46 IST
Output:
----------------------------------------------------------
Running main() from /build/googletest-j5yxiC/googletest-1.10.0/googletest/src/gtest_main.cc
Note: Google Test filter = PlaylistTest.AddMultipleSongsIncreasesSongCount
[==========] Running 1 test from 1 test suite.
[----------] Global test environment set-up.
[----------] 1 test from PlaylistTest
[ RUN      ] PlaylistTest.AddMultipleSongsIncreasesSongCount
[       OK ] PlaylistTest.AddMultipleSongsIncreasesSongCount (0 ms)
[----------] 1 test from PlaylistTest (0 ms total)

[----------] Global test environment tear-down
[==========] 1 test from 1 test suite ran. (0 ms total)
[  PASSED  ] 1 test.
<end of output>
Test time =   0.00 sec
----------------------------------------------------------
Test Passed.
"PlaylistTest.AddMultipleSongsIncreasesSongCount" end time: Mar 11 12:46 IST
"PlaylistTest.AddMultipleSongsIncreasesSongCount" time elapsed: 00:00:00
----------------------------------------------------------

52/118 Testing: PlaylistTest.AddSongSetsHasSongsTrue
52/118 Test: PlaylistTest.AddSongSetsHasSongsTrue
Command: "/home/stuti/Codes/CPP Training/Week 8/build/playlist_tests" "--gtest_filter=PlaylistTest.AddSongSetsHasSongsTrue" "--gtest_also_run_disabled_tests"
Directory: /home/stuti/Codes/CPP Training/Week 8/build/tests/src
"PlaylistTest.AddSongSetsHasSongsTrue" start time: Mar 11 12:46 IST
Output:
----------------------------------------------------------
Running main() from /build/googletest-j5yxiC/googletest-1.10.0/googletest/src/gtest_main.cc
Note: Google Test filter = PlaylistTest.AddSongSetsHasSongsTrue
[==========] Running 1 test from 1 test suite.
[----------] Global test environment set-up.
[----------] 1 test from PlaylistTest
[ RUN      ] PlaylistTest.AddSongSetsHasSongsTrue
[       OK ] PlaylistTest.AddSongSetsHasSongsTrue (0 ms)
[----------] 1 test from PlaylistTest (0 ms total)

[----------] Global test environment tear-down
[==========] 1 test from 1 test suite ran. (0 ms total)
[  PASSED  ] 1 test.
<end of output>
Test time =   0.00 sec
----------------------------------------------------------
Test Passed.
"PlaylistTest.AddSongSetsHasSongsTrue" end time: Mar 11 12:46 IST
"PlaylistTest.AddSongSetsHasSongsTrue" time elapsed: 00:00:00
----------------------------------------------------------

53/118 Testing: PlaylistTest.AddSongPreservesOrder
53/118 Test: PlaylistTest.AddSongPreservesOrder
Command: "/home/stuti/Codes/CPP Training/Week 8/build/playlist_tests" "--gtest_filter=PlaylistTest.AddSongPreservesOrder" "--gtest_also_run_disabled_tests"
Directory: /home/stuti/Codes/CPP Training/Week 8/build/tests/src
"PlaylistTest.AddSongPreservesOrder" start time: Mar 11 12:46 IST
Output:
----------------------------------------------------------
Running main() from /build/googletest-j5yxiC/googletest-1.10.0/googletest/src/gtest_main.cc
Note: Google Test filter = PlaylistTest.AddSongPreservesOrder
[==========] Running 1 test from 1 test suite.
[----------] Global test environment set-up.
[----------] 1 test from PlaylistTest
[ RUN      ] PlaylistTest.AddSongPreservesOrder
[       OK ] PlaylistTest.AddSongPreservesOrder (0 ms)
[----------] 1 test from PlaylistTest (0 ms total)

[----------] Global test environment tear-down
[==========] 1 test from 1 test suite ran. (0 ms total)
[  PASSED  ] 1 test.
<end of output>
Test time =   0.00 sec
----------------------------------------------------------
Test Passed.
"PlaylistTest.AddSongPreservesOrder" end time: Mar 11 12:46 IST
"PlaylistTest.AddSongPreservesOrder" time elapsed: 00:00:00
----------------------------------------------------------

54/118 Testing: PlaylistTest.RemoveSongReturnsTrueForValidIndex
54/118 Test: PlaylistTest.RemoveSongReturnsTrueForValidIndex
Command: "/home/stuti/Codes/CPP Training/Week 8/build/playlist_tests" "--gtest_filter=PlaylistTest.RemoveSongReturnsTrueForValidIndex" "--gtest_also_run_disabled_tests"
Directory: /home/stuti/Codes/CPP Training/Week 8/build/tests/src
"PlaylistTest.RemoveSongReturnsTrueForValidIndex" start time: Mar 11 12:46 IST
Output:
----------------------------------------------------------
Running main() from /build/googletest-j5yxiC/googletest-1.10.0/googletest/src/gtest_main.cc
Note: Google Test filter = PlaylistTest.RemoveSongReturnsTrueForValidIndex
[==========] Running 1 test from 1 test suite.
[----------] Global test environment set-up.
[----------] 1 test from PlaylistTest
[ RUN      ] PlaylistTest.RemoveSongReturnsTrueForValidIndex
[       OK ] PlaylistTest.RemoveSongReturnsTrueForValidIndex (0 ms)
[----------] 1 test from PlaylistTest (0 ms total)

[----------] Global test environment tear-down
[==========] 1 test from 1 test suite ran. (0 ms total)
[  PASSED  ] 1 test.
<end of output>
Test time =   0.00 sec
----------------------------------------------------------
Test Passed.
"PlaylistTest.RemoveSongReturnsTrueForValidIndex" end time: Mar 11 12:46 IST
"PlaylistTest.RemoveSongReturnsTrueForValidIndex" time elapsed: 00:00:00
----------------------------------------------------------

55/118 Testing: PlaylistTest.RemoveSongDecreasesSongCount
55/118 Test: PlaylistTest.RemoveSongDecreasesSongCount
[...]
108/118 Test: GetValidFilenameTest.RejectsEmptyInputThenAcceptsValid
Command: "/home/stuti/Codes/CPP Training/Week 8/build/playlist_tests" "--gtest_filter=GetValidFilenameTest.RejectsEmptyInputThenAcceptsValid" "--gtest_also_run_disabled_tests"
Directory: /home/stuti/Codes/CPP Training/Week 8/build/tests/src
"GetValidFilenameTest.RejectsEmptyInputThenAcceptsValid" start time: Mar 11 12:46 IST
Output:
----------------------------------------------------------
Running main() from /build/googletest-j5yxiC/googletest-1.10.0/googletest/src/gtest_main.cc
Note: Google Test filter = GetValidFilenameTest.RejectsEmptyInputThenAcceptsValid
[==========] Running 1 test from 1 test suite.
[----------] Global test environment set-up.
[----------] 1 test from GetValidFilenameTest
[ RUN      ] GetValidFilenameTest.RejectsEmptyInputThenAcceptsValid
[       OK ] GetValidFilenameTest.RejectsEmptyInputThenAcceptsValid (0 ms)
[----------] 1 test from GetValidFilenameTest (0 ms total)

[----------] Global test environment tear-down
[==========] 1 test from 1 test suite ran. (0 ms total)
[  PASSED  ] 1 test.
<end of output>
Test time =   0.00 sec
----------------------------------------------------------
Test Passed.
"GetValidFilenameTest.RejectsEmptyInputThenAcceptsValid" end time: Mar 11 12:46 IST
"GetValidFilenameTest.RejectsEmptyInputThenAcceptsValid" time elapsed: 00:00:00
----------------------------------------------------------

109/118 Testing: GetValidFilenameTest.RejectsEmptyInputPrintsError
109/118 Test: GetValidFilenameTest.RejectsEmptyInputPrintsError
Command: "/home/stuti/Codes/CPP Training/Week 8/build/playlist_tests" "--gtest_filter=GetValidFilenameTest.RejectsEmptyInputPrintsError" "--gtest_also_run_disabled_tests"
Directory: /home/stuti/Codes/CPP Training/Week 8/build/tests/src
"GetValidFilenameTest.RejectsEmptyInputPrintsError" start time: Mar 11 12:46 IST
Output:
----------------------------------------------------------
Running main() from /build/googletest-j5yxiC/googletest-1.10.0/googletest/src/gtest_main.cc
Note: Google Test filter = GetValidFilenameTest.RejectsEmptyInputPrintsError
[==========] Running 1 test from 1 test suite.
[----------] Global test environment set-up.
[----------] 1 test from GetValidFilenameTest
[ RUN      ] GetValidFilenameTest.RejectsEmptyInputPrintsError
[       OK ] GetValidFilenameTest.RejectsEmptyInputPrintsError (0 ms)
[----------] 1 test from GetValidFilenameTest (0 ms total)

[----------] Global test environment tear-down
[==========] 1 test from 1 test suite ran. (0 ms total)
[  PASSED  ] 1 test.
<end of output>
Test time =   0.00 sec
----------------------------------------------------------
Test Passed.
"GetValidFilenameTest.RejectsEmptyInputPrintsError" end time: Mar 11 12:46 IST
"GetValidFilenameTest.RejectsEmptyInputPrintsError" time elapsed: 00:00:00
----------------------------------------------------------

110/118 Testing: InvalidFilenameChars/InvalidFilenameCharTest.InvalidCharTriggersRetryAndAcceptsValid/"bad/name"
110/118 Test: InvalidFilenameChars/InvalidFilenameCharTest.InvalidCharTriggersRetryAndAcceptsValid/"bad/name"
Command: "/home/stuti/Codes/CPP Training/Week 8/build/playlist_tests" "--gtest_filter=InvalidFilenameChars/InvalidFilenameCharTest.InvalidCharTriggersRetryAndAcceptsValid/0" "--gtest_also_run_disabled_tests"
Directory: /home/stuti/Codes/CPP Training/Week 8/build/tests/src
"InvalidFilenameChars/InvalidFilenameCharTest.InvalidCharTriggersRetryAndAcceptsValid/"bad/name"" start time: Mar 11 12:46 IST
Output:
----------------------------------------------------------
Running main() from /build/googletest-j5yxiC/googletest-1.10.0/googletest/src/gtest_main.cc
Note: Google Test filter = InvalidFilenameChars/InvalidFilenameCharTest.InvalidCharTriggersRetryAndAcceptsValid/0
[==========] Running 1 test from 1 test suite.
[----------] Global test environment set-up.
[----------] 1 test from InvalidFilenameChars/InvalidFilenameCharTest
[ RUN      ] InvalidFilenameChars/InvalidFilenameCharTest.InvalidCharTriggersRetryAndAcceptsValid/0
[       OK ] InvalidFilenameChars/InvalidFilenameCharTest.InvalidCharTriggersRetryAndAcceptsValid/0 (0 ms)
[----------] 1 test from InvalidFilenameChars/InvalidFilenameCharTest (0 ms total)

[----------] Global test environment tear-down
[==========] 1 test from 1 test suite ran. (0 ms total)
[  PASSED  ] 1 test.
<end of output>
Test time =   0.00 sec
----------------------------------------------------------
Test Passed.
"InvalidFilenameChars/InvalidFilenameCharTest.InvalidCharTriggersRetryAndAcceptsValid/"bad/name"" end time: Mar 11 12:46 IST
"InvalidFilenameChars/InvalidFilenameCharTest.InvalidCharTriggersRetryAndAcceptsValid/"bad/name"" time elapsed: 00:00:00
----------------------------------------------------------

111/118 Testing: InvalidFilenameChars/InvalidFilenameCharTest.InvalidCharTriggersRetryAndAcceptsValid/"bad:name"
111/118 Test: InvalidFilenameChars/InvalidFilenameCharTest.InvalidCharTriggersRetryAndAcceptsValid/"bad:name"
Command: "/home/stuti/Codes/CPP Training/Week 8/build/playlist_tests" "--gtest_filter=InvalidFilenameChars/InvalidFilenameCharTest.InvalidCharTriggersRetryAndAcceptsValid/1" "--gtest_also_run_disabled_tests"
Directory: /home/stuti/Codes/CPP Training/Week 8/build/tests/src
"InvalidFilenameChars/InvalidFilenameCharTest.InvalidCharTriggersRetryAndAcceptsValid/"bad:name"" start time: Mar 11 12:46 IST
Output:
----------------------------------------------------------
Running main() from /build/googletest-j5yxiC/googletest-1.10.0/googletest/src/gtest_main.cc
Note: Google Test filter = InvalidFilenameChars/InvalidFilenameCharTest.InvalidCharTriggersRetryAndAcceptsValid/1
[==========] Running 1 test from 1 test suite.
[----------] Global test environment set-up.
[----------] 1 test from InvalidFilenameChars/InvalidFilenameCharTest
[ RUN      ] InvalidFilenameChars/InvalidFilenameCharTest.InvalidCharTriggersRetryAndAcceptsValid/1
[       OK ] InvalidFilenameChars/InvalidFilenameCharTest.InvalidCharTriggersRetryAndAcceptsValid/1 (0 ms)
[----------] 1 test from InvalidFilenameChars/InvalidFilenameCharTest (0 ms total)

[----------] Global test environment tear-down
[==========] 1 test from 1 test suite ran. (0 ms total)
[  PASSED  ] 1 test.
<end of output>
Test time =   0.00 sec
----------------------------------------------------------
Test Passed.
"InvalidFilenameChars/InvalidFilenameCharTest.InvalidCharTriggersRetryAndAcceptsValid/"bad:name"" end time: Mar 11 12:46 IST
"InvalidFilenameChars/InvalidFilenameCharTest.InvalidCharTriggersRetryAndAcceptsValid/"bad:name"" time elapsed: 00:00:00
----------------------------------------------------------

112/118 Testing: InvalidFilenameChars/InvalidFilenameCharTest.InvalidCharTriggersRetryAndAcceptsValid/"bad*name"
112/118 Test: InvalidFilenameChars/InvalidFilenameCharTest.InvalidCharTriggersRetryAndAcceptsValid/"bad*name"
Command: "/home/stuti/Codes/CPP Training/Week 8/build/playlist_tests" "--gtest_filter=InvalidFilenameChars/InvalidFilenameCharTest.InvalidCharTriggersRetryAndAcceptsValid/2" "--gtest_also_run_disabled_tests"
Directory: /home/stuti/Codes/CPP Training/Week 8/build/tests/src
"InvalidFilenameChars/InvalidFilenameCharTest.InvalidCharTriggersRetryAndAcceptsValid/"bad*name"" start time: Mar 11 12:46 IST
Output:
----------------------------------------------------------
Running main() from /build/googletest-j5yxiC/googletest-1.10.0/googletest/src/gtest_main.cc
Note: Google Test filter = InvalidFilenameChars/InvalidFilenameCharTest.InvalidCharTriggersRetryAndAcceptsValid/2
[==========] Running 1 test from 1 test suite.
[----------] Global test environment set-up.
[----------] 1 test from InvalidFilenameChars/InvalidFilenameCharTest
[ RUN      ] InvalidFilenameChars/InvalidFilenameCharTest.InvalidCharTriggersRetryAndAcceptsValid/2
[       OK ] InvalidFilenameChars/InvalidFilenameCharTest.InvalidCharTriggersRetryAndAcceptsValid/2 (0 ms)
[----------] 1 test from InvalidFilenameChars/InvalidFilenameCharTest (0 ms total)

[----------] Global test environment tear-down
[==========] 1 test from 1 test suite ran. (0 ms total)
[  PASSED  ] 1 test.
<end of output>
Test time =   0.00 sec
----------------------------------------------------------
Test Passed.
"InvalidFilenameChars/InvalidFilenameCharTest.InvalidCharTriggersRetryAndAcceptsValid/"bad*name"" end time: Mar 11 12:46 IST
"InvalidFilenameChars/InvalidFilenameCharTest.InvalidCharTriggersRetryAndAcceptsValid/"bad*name"" time elapsed: 00:00:00
----------------------------------------------------------

113/118 Testing: InvalidFilenameChars/InvalidFilenameCharTest.InvalidCharTriggersRetryAndAcceptsValid/"bad?name"
113/118 Test: InvalidFilenameChars/InvalidFilenameCharTest.InvalidCharTriggersRetryAndAcceptsValid/"bad?name"
Command: "/home/stuti/Codes/CPP Training/Week 8/build/playlist_tests" "--gtest_filter=InvalidFilenameChars/InvalidFilenameCharTest.InvalidCharTriggersRetryAndAcceptsValid/3" "--gtest_also_run_disabled_tests"
Directory: /home/stuti/Codes/CPP Training/Week 8/build/tests/src
"InvalidFilenameChars/InvalidFilenameCharTest.InvalidCharTriggersRetryAndAcceptsValid/"bad?name"" start time: Mar 11 12:46 IST
Output:
----------------------------------------------------------
Running main() from /build/googletest-j5yxiC/googletest-1.10.0/googletest/src/gtest_main.cc
Note: Google Test filter = InvalidFilenameChars/InvalidFilenameCharTest.InvalidCharTriggersRetryAndAcceptsValid/3
[==========] Running 1 test from 1 test suite.
[----------] Global test environment set-up.
[----------] 1 test from InvalidFilenameChars/InvalidFilenameCharTest
[ RUN      ] InvalidFilenameChars/InvalidFilenameCharTest.InvalidCharTriggersRetryAndAcceptsValid/3
[       OK ] InvalidFilenameChars/InvalidFilenameCharTest.InvalidCharTriggersRetryAndAcceptsValid/3 (0 ms)
[----------] 1 test from InvalidFilenameChars/InvalidFilenameCharTest (0 ms total)

[----------] Global test environment tear-down
[==========] 1 test from 1 test suite ran. (0 ms total)
[  PASSED  ] 1 test.
<end of output>
Test time =   0.00 sec
----------------------------------------------------------
Test Passed.
"InvalidFilenameChars/InvalidFilenameCharTest.InvalidCharTriggersRetryAndAcceptsValid/"bad?name"" end time: Mar 11 12:46 IST
"InvalidFilenameChars/InvalidFilenameCharTest.InvalidCharTriggersRetryAndAcceptsValid/"bad?name"" time elapsed: 00:00:00
----------------------------------------------------------

114/118 Testing: InvalidFilenameChars/InvalidFilenameCharTest.InvalidCharTriggersRetryAndAcceptsValid/"bad\"name"
114/118 Test: InvalidFilenameChars/InvalidFilenameCharTest.InvalidCharTriggersRetryAndAcceptsValid/"bad\"name"
Command: "/home/stuti/Codes/CPP Training/Week 8/build/playlist_tests" "--gtest_filter=InvalidFilenameChars/InvalidFilenameCharTest.InvalidCharTriggersRetryAndAcceptsValid/4" "--gtest_also_run_disabled_tests"
Directory: /home/stuti/Codes/CPP Training/Week 8/build/tests/src
"InvalidFilenameChars/InvalidFilenameCharTest.InvalidCharTriggersRetryAndAcceptsValid/"bad\"name"" start time: Mar 11 12:46 IST
Output:
----------------------------------------------------------
Running main() from /build/googletest-j5yxiC/googletest-1.10.0/googletest/src/gtest_main.cc
Note: Google Test filter = InvalidFilenameChars/InvalidFilenameCharTest.InvalidCharTriggersRetryAndAcceptsValid/4
[==========] Running 1 test from 1 test suite.
[----------] Global test environment set-up.
[----------] 1 test from InvalidFilenameChars/InvalidFilenameCharTest
[ RUN      ] InvalidFilenameChars/InvalidFilenameCharTest.InvalidCharTriggersRetryAndAcceptsValid/4
[       OK ] InvalidFilenameChars/InvalidFilenameCharTest.InvalidCharTriggersRetryAndAcceptsValid/4 (0 ms)
[----------] 1 test from InvalidFilenameChars/InvalidFilenameCharTest (0 ms total)

[----------] Global test environment tear-down
[==========] 1 test from 1 test suite ran. (0 ms total)
[  PASSED  ] 1 test.
<end of output>
Test time =   0.00 sec
----------------------------------------------------------
Test Passed.
"InvalidFilenameChars/InvalidFilenameCharTest.InvalidCharTriggersRetryAndAcceptsValid/"bad\"name"" end time: Mar 11 12:46 IST
"InvalidFilenameChars/InvalidFilenameCharTest.InvalidCharTriggersRetryAndAcceptsValid/"bad\"name"" time elapsed: 00:00:00
----------------------------------------------------------

115/118 Testing: InvalidFilenameChars/InvalidFilenameCharTest.InvalidCharTriggersRetryAndAcceptsValid/"bad<name"
115/118 Test: InvalidFilenameChars/InvalidFilenameCharTest.InvalidCharTriggersRetryAndAcceptsValid/"bad<name"
Command: "/home/stuti/Codes/CPP Training/Week 8/build/playlist_tests" "--gtest_filter=InvalidFilenameChars/InvalidFilenameCharTest.InvalidCharTriggersRetryAndAcceptsValid/5" "--gtest_also_run_disabled_tests"
Directory: /home/stuti/Codes/CPP Training/Week 8/build/tests/src
"InvalidFilenameChars/InvalidFilenameCharTest.InvalidCharTriggersRetryAndAcceptsValid/"bad<name"" start time: Mar 11 12:46 IST
Output:
----------------------------------------------------------
Running main() from /build/googletest-j5yxiC/googletest-1.10.0/googletest/src/gtest_main.cc
Note: Google Test filter = InvalidFilenameChars/InvalidFilenameCharTest.InvalidCharTriggersRetryAndAcceptsValid/5
[==========] Running 1 test from 1 test suite.
[----------] Global test environment set-up.
[----------] 1 test from InvalidFilenameChars/InvalidFilenameCharTest
[ RUN      ] InvalidFilenameChars/InvalidFilenameCharTest.InvalidCharTriggersRetryAndAcceptsValid/5
[       OK ] InvalidFilenameChars/InvalidFilenameCharTest.InvalidCharTriggersRetryAndAcceptsValid/5 (0 ms)
[----------] 1 test from InvalidFilenameChars/InvalidFilenameCharTest (0 ms total)

[----------] Global test environment tear-down
[==========] 1 test from 1 test suite ran. (0 ms total)
[  PASSED  ] 1 test.
<end of output>
Test time =   0.00 sec
----------------------------------------------------------
Test Passed.
"InvalidFilenameChars/InvalidFilenameCharTest.InvalidCharTriggersRetryAndAcceptsValid/"bad<name"" end time: Mar 11 12:46 IST
"InvalidFilenameChars/InvalidFilenameCharTest.InvalidCharTriggersRetryAndAcceptsValid/"bad<name"" time elapsed: 00:00:00
----------------------------------------------------------

116/118 Testing: InvalidFilenameChars/InvalidFilenameCharTest.InvalidCharTriggersRetryAndAcceptsValid/"bad>name"
116/118 Test: InvalidFilenameChars/InvalidFilenameCharTest.InvalidCharTriggersRetryAndAcceptsValid/"bad>name"
Command: "/home/stuti/Codes/CPP Training/Week 8/build/playlist_tests" "--gtest_filter=InvalidFilenameChars/InvalidFilenameCharTest.InvalidCharTriggersRetryAndAcceptsValid/6" "--gtest_also_run_disabled_tests"
Directory: /home/stuti/Codes/CPP Training/Week 8/build/tests/src
"InvalidFilenameChars/InvalidFilenameCharTest.InvalidCharTriggersRetryAndAcceptsValid/"bad>name"" start time: Mar 11 12:46 IST
Output:
----------------------------------------------------------
Running main() from /build/googletest-j5yxiC/googletest-1.10.0/googletest/src/gtest_main.cc
Note: Google Test filter = InvalidFilenameChars/InvalidFilenameCharTest.InvalidCharTriggersRetryAndAcceptsValid/6
[==========] Running 1 test from 1 test suite.
[----------] Global test environment set-up.
[----------] 1 test from InvalidFilenameChars/InvalidFilenameCharTest
[ RUN      ] InvalidFilenameChars/InvalidFilenameCharTest.InvalidCharTriggersRetryAndAcceptsValid/6
[       OK ] InvalidFilenameChars/InvalidFilenameCharTest.InvalidCharTriggersRetryAndAcceptsValid/6 (0 ms)
[----------] 1 test from InvalidFilenameChars/InvalidFilenameCharTest (0 ms total)

[----------] Global test environment tear-down
[==========] 1 test from 1 test suite ran. (0 ms total)
[  PASSED  ] 1 test.
<end of output>
Test time =   0.00 sec
----------------------------------------------------------
Test Passed.
"InvalidFilenameChars/InvalidFilenameCharTest.InvalidCharTriggersRetryAndAcceptsValid/"bad>name"" end time: Mar 11 12:46 IST
"InvalidFilenameChars/InvalidFilenameCharTest.InvalidCharTriggersRetryAndAcceptsValid/"bad>name"" time elapsed: 00:00:00
----------------------------------------------------------

117/118 Testing: InvalidFilenameChars/InvalidFilenameCharTest.InvalidCharTriggersRetryAndAcceptsValid/"bad|name"
117/118 Test: InvalidFilenameChars/InvalidFilenameCharTest.InvalidCharTriggersRetryAndAcceptsValid/"bad|name"
Command: "/home/stuti/Codes/CPP Training/Week 8/build/playlist_tests" "--gtest_filter=InvalidFilenameChars/InvalidFilenameCharTest.InvalidCharTriggersRetryAndAcceptsValid/7" "--gtest_also_run_disabled_tests"
Directory: /home/stuti/Codes/CPP Training/Week 8/build/tests/src
"InvalidFilenameChars/InvalidFilenameCharTest.InvalidCharTriggersRetryAndAcceptsValid/"bad|name"" start time: Mar 11 12:46 IST
Output:
----------------------------------------------------------
Running main() from /build/googletest-j5yxiC/googletest-1.10.0/googletest/src/gtest_main.cc
Note: Google Test filter = InvalidFilenameChars/InvalidFilenameCharTest.InvalidCharTriggersRetryAndAcceptsValid/7
[==========] Running 1 test from 1 test suite.
[----------] Global test environment set-up.
[----------] 1 test from InvalidFilenameChars/InvalidFilenameCharTest
[ RUN      ] InvalidFilenameChars/InvalidFilenameCharTest.InvalidCharTriggersRetryAndAcceptsValid/7
[       OK ] InvalidFilenameChars/InvalidFilenameCharTest.InvalidCharTriggersRetryAndAcceptsValid/7 (0 ms)
[----------] 1 test from InvalidFilenameChars/InvalidFilenameCharTest (0 ms total)

[----------] Global test environment tear-down
[==========] 1 test from 1 test suite ran. (0 ms total)
[  PASSED  ] 1 test.
<end of output>
Test time =   0.00 sec
----------------------------------------------------------
Test Passed.
"InvalidFilenameChars/InvalidFilenameCharTest.InvalidCharTriggersRetryAndAcceptsValid/"bad|name"" end time: Mar 11 12:46 IST
"InvalidFilenameChars/InvalidFilenameCharTest.InvalidCharTriggersRetryAndAcceptsValid/"bad|name"" time elapsed: 00:00:00
----------------------------------------------------------

118/118 Testing: InvalidFilenameChars/InvalidFilenameCharTest.InvalidCharTriggersRetryAndAcceptsValid/"bad\\name"
118/118 Test: InvalidFilenameChars/InvalidFilenameCharTest.InvalidCharTriggersRetryAndAcceptsValid/"bad\\name"
Command: "/home/stuti/Codes/CPP Training/Week 8/build/playlist_tests" "--gtest_filter=InvalidFilenameChars/InvalidFilenameCharTest.InvalidCharTriggersRetryAndAcceptsValid/8" "--gtest_also_run_disabled_tests"
Directory: /home/stuti/Codes/CPP Training/Week 8/build/tests/src
"InvalidFilenameChars/InvalidFilenameCharTest.InvalidCharTriggersRetryAndAcceptsValid/"bad\\name"" start time: Mar 11 12:46 IST
Output:
----------------------------------------------------------
Running main() from /build/googletest-j5yxiC/googletest-1.10.0/googletest/src/gtest_main.cc
Note: Google Test filter = InvalidFilenameChars/InvalidFilenameCharTest.InvalidCharTriggersRetryAndAcceptsValid/8
[==========] Running 1 test from 1 test suite.
[----------] Global test environment set-up.
[----------] 1 test from InvalidFilenameChars/InvalidFilenameCharTest
[ RUN      ] InvalidFilenameChars/InvalidFilenameCharTest.InvalidCharTriggersRetryAndAcceptsValid/8
[       OK ] InvalidFilenameChars/InvalidFilenameCharTest.InvalidCharTriggersRetryAndAcceptsValid/8 (0 ms)
[----------] 1 test from InvalidFilenameChars/InvalidFilenameCharTest (0 ms total)

[----------] Global test environment tear-down
[==========] 1 test from 1 test suite ran. (0 ms total)
[  PASSED  ] 1 test.
<end of output>
Test time =   0.00 sec
----------------------------------------------------------
Test Passed.
"InvalidFilenameChars/InvalidFilenameCharTest.InvalidCharTriggersRetryAndAcceptsValid/"bad\\name"" end time: Mar 11 12:46 IST
"InvalidFilenameChars/InvalidFilenameCharTest.InvalidCharTriggersRetryAndAcceptsValid/"bad\\name"" time elapsed: 00:00:00
----------------------------------------------------------

End testing: Mar 11 12:46 IST
