Start testing: Mar 10 13:09 IST
----------------------------------------------------------
10/118 Testing: ApplicationPlaylistTest.PlayCallsAudioPlayWithCorrectPath
10/118 Test: ApplicationPlaylistTest.PlayCallsAudioPlayWithCorrectPath
Command: "/home/stuti/Codes/CPP Training/Week 8/build/playlist_tests" "--gtest_filter=ApplicationPlaylistTest.PlayCallsAudioPlayWithCorrectPath" "--gtest_also_run_disabled_tests"
Directory: /home/stuti/Codes/CPP Training/Week 8/build/tests/src
"ApplicationPlaylistTest.PlayCallsAudioPlayWithCorrectPath" start time: Mar 10 13:09 IST
Output:
----------------------------------------------------------
Running main() from /build/googletest-j5yxiC/googletest-1.10.0/googletest/src/gtest_main.cc
Note: Google Test filter = ApplicationPlaylistTest.PlayCallsAudioPlayWithCorrectPath
[==========] Running 1 test from 1 test suite.
[----------] Global test environment set-up.
[----------] 1 test from ApplicationPlaylistTest
[ RUN      ] ApplicationPlaylistTest.PlayCallsAudioPlayWithCorrectPath
[       OK ] ApplicationPlaylistTest.PlayCallsAudioPlayWithCorrectPath (6 ms)
[----------] 1 test from ApplicationPlaylistTest (6 ms total)

[----------] Global test environment tear-down
[==========] 1 test from 1 test suite ran. (6 ms total)
[  PASSED  ] 1 test.
<end of output>
Test time =   0.01 sec
----------------------------------------------------------
Test Passed.
"ApplicationPlaylistTest.PlayCallsAudioPlayWithCorrectPath" end time: Mar 10 13:09 IST
"ApplicationPlaylistTest.PlayCallsAudioPlayWithCorrectPath" time elapsed: 00:00:00
----------------------------------------------------------

11/118 Testing: ApplicationPlaylistTest.PlayOnEmptyPlaylistPrintsError
11/118 Test: ApplicationPlaylistTest.PlayOnEmptyPlaylistPrintsError
Command: "/home/stuti/Codes/CPP Training/Week 8/build/playlist_tests" "--gtest_filter=ApplicationPlaylistTest.PlayOnEmptyPlaylistPrintsError" "--gtest_also_run_disabled_tests"
Directory: /home/stuti/Codes/CPP Training/Week 8/build/tests/src
"ApplicationPlaylistTest.PlayOnEmptyPlaylistPrintsError" start time: Mar 10 13:09 IST
Output:
----------------------------------------------------------
Running main() from /build/googletest-j5yxiC/googletest-1.10.0/googletest/src/gtest_main.cc
Note: Google Test filter = ApplicationPlaylistTest.PlayOnEmptyPlaylistPrintsError
[==========] Running 1 test from 1 test suite.
[----------] Global test environment set-up.
[----------] 1 test from ApplicationPlaylistTest
[ RUN      ] ApplicationPlaylistTest.PlayOnEmptyPlaylistPrintsError
[       OK ] ApplicationPlaylistTest.PlayOnEmptyPlaylistPrintsError (4 ms)
[----------] 1 test from ApplicationPlaylistTest (4 ms total)

[----------] Global test environment tear-down
[==========] 1 test from 1 test suite ran. (4 ms total)
[  PASSED  ] 1 test.
<end of output>
Test time =   0.01 sec
----------------------------------------------------------
Test Passed.
"ApplicationPlaylistTest.PlayOnEmptyPlaylistPrintsError" end time: Mar 10 13:09 IST
"ApplicationPlaylistTest.PlayOnEmptyPlaylistPrintsError" time elapsed: 00:00:00
----------------------------------------------------------

12/118 Testing: ApplicationPlaylistTest.PlayFailurePrintsAudioError
12/118 Test: ApplicationPlaylistTest.PlayFailurePrintsAudioError
Command: "/home/stuti/Codes/CPP Training/Week 8/build/playlist_tests" "--gtest_filter=ApplicationPlaylistTest.PlayFailurePrintsAudioError" "--gtest_also_run_disabled_tests"
Directory: /home/stuti/Codes/CPP Training/Week 8/build/tests/src
"ApplicationPlaylistTest.PlayFailurePrintsAudioError" start time: Mar 10 13:09 IST
Output:
----------------------------------------------------------
Running main() from /build/googletest-j5yxiC/googletest-1.10.0/googletest/src/gtest_main.cc
Note: Google Test filter = ApplicationPlaylistTest.PlayFailurePrintsAudioError
[==========] Running 1 test from 1 test suite.
[----------] Global test environment set-up.
[----------] 1 test from ApplicationPlaylistTest
[ RUN      ] ApplicationPlaylistTest.PlayFailurePrintsAudioError
[       OK ] ApplicationPlaylistTest.PlayFailurePrintsAudioError (4 ms)
[----------] 1 test from ApplicationPlaylistTest (4 ms total)

[----------] Global test environment tear-down
[==========] 1 test from 1 test suite ran. (4 ms total)
[  PASSED  ] 1 test.
<end of output>
Test time =   0.01 sec
----------------------------------------------------------
Test Passed.
"ApplicationPlaylistTest.PlayFailurePrintsAudioError" end time: Mar 10 13:09 IST
"ApplicationPlaylistTest.PlayFailurePrintsAudioError" time elapsed: 00:00:00
----------------------------------------------------------

13/118 Testing: ApplicationPlaylistTest.PauseResumeCallsPauseWhenPlaying
13/118 Test: ApplicationPlaylistTest.PauseResumeCallsPauseWhenPlaying
Command: "/home/stuti/Codes/CPP Training/Week 8/build/playlist_tests" "--gtest_filter=ApplicationPlaylistTest.PauseResumeCallsPauseWhenPlaying" "--gtest_also_run_disabled_tests"
Directory: /home/stuti/Codes/CPP Training/Week 8/build/tests/src
"ApplicationPlaylistTest.PauseResumeCallsPauseWhenPlaying" start time: Mar 10 13:09 IST
Output:
----------------------------------------------------------
Running main() from /build/googletest-j5yxiC/googletest-1.10.0/googletest/src/gtest_main.cc
Note: Google Test filter = ApplicationPlaylistTest.PauseResumeCallsPauseWhenPlaying
[==========] Running 1 test from 1 test suite.
[----------] Global test environment set-up.
[----------] 1 test from ApplicationPlaylistTest
[ RUN      ] ApplicationPlaylistTest.PauseResumeCallsPauseWhenPlaying
[       OK ] ApplicationPlaylistTest.PauseResumeCallsPauseWhenPlaying (4 ms)
[----------] 1 test from ApplicationPlaylistTest (4 ms total)

[----------] Global test environment tear-down
[==========] 1 test from 1 test suite ran. (4 ms total)
[  PASSED  ] 1 test.
<end of output>
Test time =   0.01 sec
----------------------------------------------------------
Test Passed.
"ApplicationPlaylistTest.PauseResumeCallsPauseWhenPlaying" end time: Mar 10 13:09 IST
"ApplicationPlaylistTest.PauseResumeCallsPauseWhenPlaying" time elapsed: 00:00:00
----------------------------------------------------------

14/118 Testing: ApplicationPlaylistTest.PauseResumeCallsResumeWhenPaused
14/118 Test: ApplicationPlaylistTest.PauseResumeCallsResumeWhenPaused
Command: "/home/stuti/Codes/CPP Training/Week 8/build/playlist_tests" "--gtest_filter=ApplicationPlaylistTest.PauseResumeCallsResumeWhenPaused" "--gtest_also_run_disabled_tests"
Directory: /home/stuti/Codes/CPP Training/Week 8/build/tests/src
"ApplicationPlaylistTest.PauseResumeCallsResumeWhenPaused" start time: Mar 10 13:09 IST
Output:
----------------------------------------------------------
Running main() from /build/googletest-j5yxiC/googletest-1.10.0/googletest/src/gtest_main.cc
Note: Google Test filter = ApplicationPlaylistTest.PauseResumeCallsResumeWhenPaused
[==========] Running 1 test from 1 test suite.
[----------] Global test environment set-up.
[----------] 1 test from ApplicationPlaylistTest
[ RUN      ] ApplicationPlaylistTest.PauseResumeCallsResumeWhenPaused
[       OK ] ApplicationPlaylistTest.PauseResumeCallsResumeWhenPaused (5 ms)
[----------] 1 test from ApplicationPlaylistTest (5 ms total)

[----------] Global test environment tear-down
[==========] 1 test from 1 test suite ran. (5 ms total)
[  PASSED  ] 1 test.
<end of output>
Test time =   0.01 sec
----------------------------------------------------------
Test Passed.
"ApplicationPlaylistTest.PauseResumeCallsResumeWhenPaused" end time: Mar 10 13:09 IST
"ApplicationPlaylistTest.PauseResumeCallsResumeWhenPaused" time elapsed: 00:00:00
----------------------------------------------------------

15/118 Testing: ApplicationPlaylistTest.NextPlaysNextSong
15/118 Test: ApplicationPlaylistTest.NextPlaysNextSong
Command: "/home/stuti/Codes/CPP Training/Week 8/build/playlist_tests" "--gtest_filter=ApplicationPlaylistTest.NextPlaysNextSong" "--gtest_also_run_disabled_tests"
Directory: /home/stuti/Codes/CPP Training/Week 8/build/tests/src
"ApplicationPlaylistTest.NextPlaysNextSong" start time: Mar 10 13:09 IST
Output:
----------------------------------------------------------
Running main() from /build/googletest-j5yxiC/googletest-1.10.0/googletest/src/gtest_main.cc
Note: Google Test filter = ApplicationPlaylistTest.NextPlaysNextSong
[==========] Running 1 test from 1 test suite.
[----------] Global test environment set-up.
[----------] 1 test from ApplicationPlaylistTest
[ RUN      ] ApplicationPlaylistTest.NextPlaysNextSong
[       OK ] ApplicationPlaylistTest.NextPlaysNextSong (3 ms)
[----------] 1 test from ApplicationPlaylistTest (3 ms total)

[----------] Global test environment tear-down
[==========] 1 test from 1 test suite ran. (3 ms total)
[  PASSED  ] 1 test.
<end of output>
Test time =   0.01 sec
----------------------------------------------------------
Test Passed.
"ApplicationPlaylistTest.NextPlaysNextSong" end time: Mar 10 13:09 IST
"ApplicationPlaylistTest.NextPlaysNextSong" time elapsed: 00:00:00
----------------------------------------------------------

16/118 Testing: ApplicationPlaylistTest.PreviousWrapsToLastSong
16/118 Test: ApplicationPlaylistTest.PreviousWrapsToLastSong
Command: "/home/stuti/Codes/CPP Training/Week 8/build/playlist_tests" "--gtest_filter=ApplicationPlaylistTest.PreviousWrapsToLastSong" "--gtest_also_run_disabled_tests"
Directory: /home/stuti/Codes/CPP Training/Week 8/build/tests/src
"ApplicationPlaylistTest.PreviousWrapsToLastSong" start time: Mar 10 13:09 IST
Output:
----------------------------------------------------------
Running main() from /build/googletest-j5yxiC/googletest-1.10.0/googletest/src/gtest_main.cc
Note: Google Test filter = ApplicationPlaylistTest.PreviousWrapsToLastSong
[==========] Running 1 test from 1 test suite.
[----------] Global test environment set-up.
[----------] 1 test from ApplicationPlaylistTest
[ RUN      ] ApplicationPlaylistTest.PreviousWrapsToLastSong
[       OK ] ApplicationPlaylistTest.PreviousWrapsToLastSong (5 ms)
[----------] 1 test from ApplicationPlaylistTest (5 ms total)

[----------] Global test environment tear-down
[==========] 1 test from 1 test suite ran. (5 ms total)
[  PASSED  ] 1 test.
<end of output>
Test time =   0.01 sec
----------------------------------------------------------
Test Passed.
"ApplicationPlaylistTest.PreviousWrapsToLastSong" end time: Mar 10 13:09 IST
"ApplicationPlaylistTest.PreviousWrapsToLastSong" time elapsed: 00:00:00
----------------------------------------------------------

17/118 Testing: ApplicationPlaylistTest.StopCallsAudioStopAndPrintsMessage
17/118 Test: ApplicationPlaylistTest.StopCallsAudioStopAndPrintsMessage
Command: "/home/stuti/Codes/CPP Training/Week 8/build/playlist_tests" "--gtest_filter=ApplicationPlaylistTest.StopCallsAudioStopAndPrintsMessage" "--gtest_also_run_disabled_tests"
Directory: /home/stuti/Codes/CPP Training/Week 8/build/tests/src
"ApplicationPlaylistTest.StopCallsAudioStopAndPrintsMessage" start time: Mar 10 13:09 IST
Output:
----------------------------------------------------------
Running main() from /build/googletest-j5yxiC/googletest-1.10.0/googletest/src/gtest_main.cc
Note: Google Test filter = ApplicationPlaylistTest.StopCallsAudioStopAndPrintsMessage
[==========] Running 1 test from 1 test suite.
[----------] Global test environment set-up.
[----------] 1 test from ApplicationPlaylistTest
[ RUN      ] ApplicationPlaylistTest.StopCallsAudioStopAndPrintsMessage
[       OK ] ApplicationPlaylistTest.StopCallsAudioStopAndPrintsMessage (6 ms)
[----------] 1 test from ApplicationPlaylistTest (6 ms total)

[----------] Global test environment tear-down
[==========] 1 test from 1 test suite ran. (6 ms total)
[  PASSED  ] 1 test.
<end of output>
Test time =   0.01 sec
----------------------------------------------------------
Test Passed.
"ApplicationPlaylistTest.StopCallsAudioStopAndPrintsMessage" end time: Mar 10 13:09 IST
"ApplicationPlaylistTest.StopCallsAudioStopAndPrintsMessage" time elapsed: 00:00:00
----------------------------------------------------------

45/118 Testing: PlaylistTest.NameIsCorrectOnCreation
45/118 Test: PlaylistTest.NameIsCorrectOnCreation
Command: "/home/stuti/Codes/CPP Training/Week 8/build/playlist_tests" "--gtest_filter=PlaylistTest.NameIsCorrectOnCreation" "--gtest_also_run_disabled_tests"
Directory: /home/stuti/Codes/CPP Training/Week 8/build/tests/src
"PlaylistTest.NameIsCorrectOnCreation" start time: Mar 10 13:09 IST
Output:
----------------------------------------------------------
Running main() from /build/googletest-j5yxiC/googletest-1.10.0/googletest/src/gtest_main.cc
Note: Google Test filter = PlaylistTest.NameIsCorrectOnCreation
[==========] Running 1 test from 1 test suite.
[----------] Global test environment set-up.
[----------] 1 test from PlaylistTest
[ RUN      ] PlaylistTest.NameIsCorrectOnCreation
[       OK ] PlaylistTest.NameIsCorrectOnCreation (0 ms)
[----------] 1 test from PlaylistTest (0 ms total)

[----------] Global test environment tear-down
[==========] 1 test from 1 test suite ran. (0 ms total)
[  PASSED  ] 1 test.
<end of output>
Test time =   0.00 sec
----------------------------------------------------------
Test Passed.
"PlaylistTest.NameIsCorrectOnCreation" end time: Mar 10 13:09 IST
"PlaylistTest.NameIsCorrectOnCreation" time elapsed: 00:00:00
----------------------------------------------------------

46/118 Testing: PlaylistTest.IsEmptyOnCreation
46/118 Test: PlaylistTest.IsEmptyOnCreation
Command: "/home/stuti/Codes/CPP Training/Week 8/build/playlist_tests" "--gtest_filter=PlaylistTest.IsEmptyOnCreation" "--gtest_also_run_disabled_tests"
Directory: /home/stuti/Codes/CPP Training/Week 8/build/tests/src
"PlaylistTest.IsEmptyOnCreation" start time: Mar 10 13:09 IST
Output:
----------------------------------------------------------
Running main() from /build/googletest-j5yxiC/googletest-1.10.0/googletest/src/gtest_main.cc
Note: Google Test filter = PlaylistTest.IsEmptyOnCreation
[==========] Running 1 test from 1 test suite.
[----------] Global test environment set-up.
[----------] 1 test from PlaylistTest
[ RUN      ] PlaylistTest.IsEmptyOnCreation
[       OK ] PlaylistTest.IsEmptyOnCreation (0 ms)
[----------] 1 test from PlaylistTest (0 ms total)

[----------] Global test environment tear-down
[==========] 1 test from 1 test suite ran. (0 ms total)
[  PASSED  ] 1 test.
<end of output>
Test time =   0.01 sec
----------------------------------------------------------
Test Passed.
"PlaylistTest.IsEmptyOnCreation" end time: Mar 10 13:09 IST
"PlaylistTest.IsEmptyOnCreation" time elapsed: 00:00:00
----------------------------------------------------------

47/118 Testing: PlaylistTest.HasNoSongsOnCreation
47/118 Test: PlaylistTest.HasNoSongsOnCreation
Command: "/home/stuti/Codes/CPP Training/Week 8/build/playlist_tests" "--gtest_filter=PlaylistTest.HasNoSongsOnCreation" "--gtest_also_run_disabled_tests"
Directory: /home/stuti/Codes/CPP Training/Week 8/build/tests/src
"PlaylistTest.HasNoSongsOnCreation" start time: Mar 10 13:09 IST
Output:
----------------------------------------------------------
Running main() from /build/googletest-j5yxiC/googletest-1.10.0/googletest/src/gtest_main.cc
Note: Google Test filter = PlaylistTest.HasNoSongsOnCreation
[==========] Running 1 test from 1 test suite.
[----------] Global test environment set-up.
[----------] 1 test from PlaylistTest
[ RUN      ] PlaylistTest.HasNoSongsOnCreation
[       OK ] PlaylistTest.HasNoSongsOnCreation (0 ms)
[----------] 1 test from PlaylistTest (0 ms total)

[----------] Global test environment tear-down
[==========] 1 test from 1 test suite ran. (0 ms total)
[  PASSED  ] 1 test.
<end of output>
Test time =   0.01 sec
----------------------------------------------------------
Test Passed.
"PlaylistTest.HasNoSongsOnCreation" end time: Mar 10 13:09 IST
"PlaylistTest.HasNoSongsOnCreation" time elapsed: 00:00:00
----------------------------------------------------------

48/118 Testing: PlaylistTest.CurrentIndexIsZeroOnCreation
48/118 Test: PlaylistTest.CurrentIndexIsZeroOnCreation
Command: "/home/stuti/Codes/CPP Training/Week 8/build/playlist_tests" "--gtest_filter=PlaylistTest.CurrentIndexIsZeroOnCreation" "--gtest_also_run_disabled_tests"
Directory: /home/stuti/Codes/CPP Training/Week 8/build/tests/src
"PlaylistTest.CurrentIndexIsZeroOnCreation" start time: Mar 10 13:09 IST
Output:
----------------------------------------------------------
Running main() from /build/googletest-j5yxiC/googletest-1.10.0/googletest/src/gtest_main.cc
Note: Google Test filter = PlaylistTest.CurrentIndexIsZeroOnCreation
[==========] Running 1 test from 1 test suite.
[----------] Global test environment set-up.
[----------] 1 test from PlaylistTest
[ RUN      ] PlaylistTest.CurrentIndexIsZeroOnCreation
[       OK ] PlaylistTest.CurrentIndexIsZeroOnCreation (0 ms)
[----------] 1 test from PlaylistTest (0 ms total)

[----------] Global test environment tear-down
[==========] 1 test from 1 test suite ran. (0 ms total)
[  PASSED  ] 1 test.
<end of output>
Test time =   0.00 sec
----------------------------------------------------------
Test Passed.
"PlaylistTest.CurrentIndexIsZeroOnCreation" end time: Mar 10 13:09 IST
"PlaylistTest.CurrentIndexIsZeroOnCreation" time elapsed: 00:00:00
----------------------------------------------------------

49/118 Testing: PlaylistTest.GetCurrentSongReturnsNullWhenEmpty
49/118 Test: PlaylistTest.GetCurrentSongReturnsNullWhenEmpty
Command: "/home/stuti/Codes/CPP Training/Week 8/build/playlist_tests" "--gtest_filter=PlaylistTest.GetCurrentSongReturnsNullWhenEmpty" "--gtest_also_run_disabled_tests"
Directory: /home/stuti/Codes/CPP Training/Week 8/build/tests/src
"PlaylistTest.GetCurrentSongReturnsNullWhenEmpty" start time: Mar 10 13:09 IST
Output:
----------------------------------------------------------
Running main() from /build/googletest-j5yxiC/googletest-1.10.0/googletest/src/gtest_main.cc
Note: Google Test filter = PlaylistTest.GetCurrentSongReturnsNullWhenEmpty
[==========] Running 1 test from 1 test suite.
[----------] Global test environment set-up.
[----------] 1 test from PlaylistTest
[ RUN      ] PlaylistTest.GetCurrentSongReturnsNullWhenEmpty
[       OK ] PlaylistTest.GetCurrentSongReturnsNullWhenEmpty (0 ms)
[----------] 1 test from PlaylistTest (0 ms total)

[----------] Global test environment tear-down
[==========] 1 test from 1 test suite ran. (1 ms total)
[  PASSED  ] 1 test.
<end of output>
Test time =   0.01 sec
----------------------------------------------------------
Test Passed.
"PlaylistTest.GetCurrentSongReturnsNullWhenEmpty" end time: Mar 10 13:09 IST
"PlaylistTest.GetCurrentSongReturnsNullWhenEmpty" time elapsed: 00:00:00
----------------------------------------------------------

50/118 Testing: PlaylistTest.AddSongIncreasesSongCount
50/118 Test: PlaylistTest.AddSongIncreasesSongCount
Command: "/home/stuti/Codes/CPP Training/Week 8/build/playlist_tests" "--gtest_filter=PlaylistTest.AddSongIncreasesSongCount" "--gtest_also_run_disabled_tests"
Directory: /home/stuti/Codes/CPP Training/Week 8/build/tests/src
"PlaylistTest.AddSongIncreasesSongCount" start time: Mar 10 13:09 IST
Output:
----------------------------------------------------------
Running main() from /build/googletest-j5yxiC/googletest-1.10.0/googletest/src/gtest_main.cc
Note: Google Test filter = PlaylistTest.AddSongIncreasesSongCount
[==========] Running 1 test from 1 test suite.
[----------] Global test environment set-up.
[----------] 1 test from PlaylistTest
[ RUN      ] PlaylistTest.AddSongIncreasesSongCount
[       OK ] PlaylistTest.AddSongIncreasesSongCount (0 ms)
[----------] 1 test from PlaylistTest (0 ms total)

[----------] Global test environment tear-down
[==========] 1 test from 1 test suite ran. (0 ms total)
[  PASSED  ] 1 test.
<end of output>
Test time =   0.01 sec
----------------------------------------------------------
Test Passed.
"PlaylistTest.AddSongIncreasesSongCount" end time: Mar 10 13:09 IST
"PlaylistTest.AddSongIncreasesSongCount" time elapsed: 00:00:00
----------------------------------------------------------

51/118 Testing: PlaylistTest.AddMultipleSongsIncreasesSongCount
51/118 Test: PlaylistTest.AddMultipleSongsIncreasesSongCount
Command: "/home/stuti/Codes/CPP Training/Week 8/build/playlist_tests" "--gtest_filter=PlaylistTest.AddMultipleSongsIncreasesSongCount" "--gtest_also_run_disabled_tests"
Directory: /home/stuti/Codes/CPP Training/Week 8/build/tests/src
"PlaylistTest.AddMultipleSongsIncreasesSongCount" start time: Mar 10 13:09 IST
Output:
----------------------------------------------------------
Running main() from /build/googletest-j5yxiC/googletest-1.10.0/googletest/src/gtest_main.cc
Note: Google Test filter = PlaylistTest.AddMultipleSongsIncreasesSongCount
[==========] Running 1 test from 1 test suite.
[----------] Global test environment set-up.
[----------] 1 test from PlaylistTest
[ RUN      ] PlaylistTest.AddMultipleSongsIncreasesSongCount
[       OK ] PlaylistTest.AddMultipleSongsIncreasesSongCount (0 ms)
[----------] 1 test from PlaylistTest (0 ms total)

[----------] Global test environment tear-down
[==========] 1 test from 1 test suite ran. (0 ms total)
[  PASSED  ] 1 test.
<end of output>
Test time =   0.01 sec
----------------------------------------------------------
Test Passed.
"PlaylistTest.AddMultipleSongsIncreasesSongCount" end time: Mar 10 13:09 IST
"PlaylistTest.AddMultipleSongsIncreasesSongCount" time elapsed: 00:00:00
----------------------------------------------------------

52/118 Testing: PlaylistTest.AddSongSetsHasSongsTrue
52/118 Test: PlaylistTest.AddSongSetsHasSongsTrue
Command: "/home/stuti/Codes/CPP Training/Week 8/build/playlist_tests" "--gtest_filter=PlaylistTest.AddSongSetsHasSongsTrue" "--gtest_also_run_disabled_tests"
Directory: /home/stuti/Codes/CPP Training/Week 8/build/tests/src
"PlaylistTest.AddSongSetsHasSongsTrue" start time: Mar 10 13:09 IST
Output:
----------------------------------------------------------
Running main() from /build/googletest-j5yxiC/googletest-1.10.0/googletest/src/gtest_main.cc
Note: Google Test filter = PlaylistTest.AddSongSetsHasSongsTrue
[==========] Running 1 test from 1 test suite.
[----------] Global test environment set-up.
[----------] 1 test from PlaylistTest
[ RUN      ] PlaylistTest.AddSongSetsHasSongsTrue
[       OK ] PlaylistTest.AddSongSetsHasSongsTrue (0 ms)
[----------] 1 test from PlaylistTest (0 ms total)

[----------] Global test environment tear-down
[==========] 1 test from 1 test suite ran. (0 ms total)
[  PASSED  ] 1 test.
<end of output>
Test time =   0.01 sec
----------------------------------------------------------
Test Passed.
"PlaylistTest.AddSongSetsHasSongsTrue" end time: Mar 10 13:09 IST
"PlaylistTest.AddSongSetsHasSongsTrue" time elapsed: 00:00:00
----------------------------------------------------------

53/118 Testing: PlaylistTest.AddSongPreservesOrder
53/118 Test: PlaylistTest.AddSongPreservesOrder
Command: "/home/stuti/Codes/CPP Training/Week 8/build/playlist_tests" "--gtest_filter=PlaylistTest.AddSongPreservesOrder" "--gtest_also_run_disabled_tests"
Directory: /home/stuti/Codes/CPP Training/Week 8/build/tests/src
"PlaylistTest.AddSongPreservesOrder" start time: Mar 10 13:09 IST
Output:
----------------------------------------------------------
Running main() from /build/googletest-j5yxiC/googletest-1.10.0/googletest/src/gtest_main.cc
Note: Google Test filter = PlaylistTest.AddSongPreservesOrder
[==========] Running 1 test from 1 test suite.
[----------] Global test environment set-up.
[----------] 1 test from PlaylistTest
[ RUN      ] PlaylistTest.AddSongPreservesOrder
[       OK ] PlaylistTest.AddSongPreservesOrder (0 ms)
[----------] 1 test from PlaylistTest (0 ms total)

[----------] Global test environment tear-down
[==========] 1 test from 1 test suite ran. (0 ms total)
[  PASSED  ] 1 test.
<end of output>
Test time =   0.00 sec
----------------------------------------------------------
Test Passed.
"PlaylistTest.AddSongPreservesOrder" end time: Mar 10 13:09 IST
"PlaylistTest.AddSongPreservesOrder" time elapsed: 00:00:00
----------------------------------------------------------

54/118 Testing: PlaylistTest.RemoveSongReturnsTrueForValidIndex
54/118 Test: PlaylistTest.RemoveSongReturnsTrueForValidIndex
Command: "/home/stuti/Codes/CPP Training/Week 8/build/playlist_tests" "--gtest_filter=PlaylistTest.RemoveSongReturnsTrueForValidIndex" "--gtest_also_run_disabled_tests"
Directory: /home/stuti/Codes/CPP Training/Week 8/build/tests/src
"PlaylistTest.RemoveSongReturnsTrueForValidIndex" start time: Mar 10 13:09 IST
Output:
----------------------------------------------------------
Running main() from /build/googletest-j5yxiC/googletest-1.10.0/googletest/src/gtest_main.cc
Note: Google Test filter = PlaylistTest.RemoveSongReturnsTrueForValidIndex
[==========] Running 1 test from 1 test suite.
[----------] Global test environment set-up.
[----------] 1 test from PlaylistTest
[ RUN      ] PlaylistTest.RemoveSongReturnsTrueForValidIndex
[       OK ] PlaylistTest.RemoveSongReturnsTrueForValidIndex (0 ms)
[----------] 1 test from PlaylistTest (0 ms total)

[----------] Global test environment tear-down
[==========] 1 test from 1 test suite ran. (0 ms total)
[  PASSED  ] 1 test.
<end of output>
Test time =   0.00 sec
----------------------------------------------------------
Test Passed.
"PlaylistTest.RemoveSongReturnsTrueForValidIndex" end time: Mar 10 13:09 IST
"PlaylistTest.RemoveSongReturnsTrueForValidIndex" time elapsed: 00:00:00
----------------------------------------------------------

55/118 Testing: PlaylistTest.RemoveSongDecreasesSongCount
55/118 Test: PlaylistTest.RemoveSongDecreasesSongCount
Command: "/home/stuti/Codes/CPP Training/Week 8/build/playlist_tests" "--gtest_filter=PlaylistTest.RemoveSongDecreasesSongCount" "--gtest_also_run_disabled_tests"
Directory: /home/stuti/Codes/CPP Training/Week 8/build/tests/src
"PlaylistTest.RemoveSongDecreasesSongCount" start time: Mar 10 13:09 IST
Output:
----------------------------------------------------------
Running main() from /build/googletest-j5yxiC/googletest-1.10.0/googletest/src/gtest_main.cc
Note: Google Test filter = PlaylistTest.RemoveSongDecreasesSongCount
[==========] Running 1 test from 1 test suite.
[----------] Global test environment set-up.
[----------] 1 test from PlaylistTest
[ RUN      ] PlaylistTest.RemoveSongDecreasesSongCount
[       OK ] PlaylistTest.RemoveSongDecreasesSongCount (0 ms)
[----------] 1 test from PlaylistTest (0 ms total)

[----------] Global test environment tear-down
[==========] 1 test from 1 test suite ran. (0 ms total)
[  PASSED  ] 1 test.
<end of output>
Test time =   0.01 sec
----------------------------------------------------------
Test Passed.
"PlaylistTest.RemoveSongDecreasesSongCount" end time: Mar 10 13:09 IST
"PlaylistTest.RemoveSongDecreasesSongCount" time elapsed: 00:00:00
----------------------------------------------------------

56/118 Testing: PlaylistTest.RemoveSongReturnsFalseForNegativeIndex
56/118 Test: PlaylistTest.RemoveSongReturnsFalseForNegativeIndex
Command: "/home/stuti/Codes/CPP Training/Week 8/build/playlist_tests" "--gtest_filter=PlaylistTest.RemoveSongReturnsFalseForNegativeIndex" "--gtest_also_run_disabled_tests"
Directory: /home/stuti/Codes/CPP Training/Week 8/build/tests/src
"PlaylistTest.RemoveSongReturnsFalseForNegativeIndex" start time: Mar 10 13:09 IST
Output:
----------------------------------------------------------
Running main() from /build/googletest-j5yxiC/googletest-1.10.0/googletest/src/gtest_main.cc
Note: Google Test filter = PlaylistTest.RemoveSongReturnsFalseForNegativeIndex
[==========] Running 1 test from 1 test suite.
[----------] Global test environment set-up.
[----------] 1 test from PlaylistTest
[ RUN      ] PlaylistTest.RemoveSongReturnsFalseForNegativeIndex
[       OK ] PlaylistTest.RemoveSongReturnsFalseForNegativeIndex (0 ms)
[----------] 1 test from PlaylistTest (0 ms total)

[----------] Global test environment tear-down
[==========] 1 test from 1 test suite ran. (0 ms total)
[  PASSED  ] 1 test.
<end of output>
Test time =   0.00 sec
----------------------------------------------------------
Test Passed.
"PlaylistTest.RemoveSongReturnsFalseForNegativeIndex" end time: Mar 10 13:09 IST
"PlaylistTest.RemoveSongReturnsFalseForNegativeIndex" time elapsed: 00:00:00
----------------------------------------------------------

57/118 Testing: PlaylistTest.RemoveSongReturnsFalseForOutOfBoundIndex
57/118 Test: PlaylistTest.RemoveSongReturnsFalseForOutOfBoundIndex
Command: "/home/stuti/Codes/CPP Training/Week 8/build/playlist_tests" "--gtest_filter=PlaylistTest.RemoveSongReturnsFalseForOutOfBoundIndex" "--gtest_also_run_disabled_tests"
Directory: /home/stuti/Codes/CPP Training/Week 8/build/tests/src
"PlaylistTest.RemoveSongReturnsFalseForOutOfBoundIndex" start time: Mar 10 13:09 IST
Output:
----------------------------------------------------------
Running main() from /build/googletest-j5yxiC/googletest-1.10.0/googletest/src/gtest_main.cc
Note: Google Test filter = PlaylistTest.RemoveSongReturnsFalseForOutOfBoundIndex
[==========] Running 1 test from 1 test suite.
[----------] Global test environment set-up.
[----------] 1 test from PlaylistTest
[ RUN      ] PlaylistTest.RemoveSongReturnsFalseForOutOfBoundIndex
[       OK ] PlaylistTest.RemoveSongReturnsFalseForOutOfBoundIndex (0 ms)
[----------] 1 test from PlaylistTest (0 ms total)

[----------] Global test environment tear-down
[==========] 1 test from 1 test suite ran. (0 ms total)
[  PASSED  ] 1 test.
<end of output>
Test time =   0.00 sec
----------------------------------------------------------
Test Passed.
"PlaylistTest.RemoveSongReturnsFalseForOutOfBoundIndex" end time: Mar 10 13:09 IST
"PlaylistTest.RemoveSongReturnsFalseForOutOfBoundIndex" time elapsed: 00:00:00
----------------------------------------------------------

58/118 Testing: PlaylistTest.RemoveSongReturnsFalseOnEmptyPlaylist
58/118 Test: PlaylistTest.RemoveSongReturnsFalseOnEmptyPlaylist
Command: "/home/stuti/Codes/CPP Training/Week 8/build/playlist_tests" "--gtest_filter=PlaylistTest.RemoveSongReturnsFalseOnEmptyPlaylist" "--gtest_also_run_disabled_tests"
Directory: /home/stuti/Codes/CPP Training/Week 8/build/tests/src
"PlaylistTest.RemoveSongReturnsFalseOnEmptyPlaylist" start time: Mar 10 13:09 IST
Output:
----------------------------------------------------------
Running main() from /build/googletest-j5yxiC/googletest-1.10.0/googletest/src/gtest_main.cc
Note: Google Test filter = PlaylistTest.RemoveSongReturnsFalseOnEmptyPlaylist
[==========] Running 1 test from 1 test suite.
[----------] Global test environment set-up.
[----------] 1 test from PlaylistTest
[ RUN      ] PlaylistTest.RemoveSongReturnsFalseOnEmptyPlaylist
[       OK ] PlaylistTest.RemoveSongReturnsFalseOnEmptyPlaylist (0 ms)
[----------] 1 test from PlaylistTest (0 ms total)

[----------] Global test environment tear-down
[==========] 1 test from 1 test suite ran. (0 ms total)
[  PASSED  ] 1 test.
<end of output>
Test time =   0.01 sec
----------------------------------------------------------
Test Passed.
"PlaylistTest.RemoveSongReturnsFalseOnEmptyPlaylist" end time: Mar 10 13:09 IST
"PlaylistTest.RemoveSongReturnsFalseOnEmptyPlaylist" time elapsed: 00:00:00
----------------------------------------------------------

59/118 Testing: PlaylistTest.RemoveSongRemovesCorrectSong
59/118 Test: PlaylistTest.RemoveSongRemovesCorrectSong
Command: "/home/stuti/Codes/CPP Training/Week 8/build/playlist_tests" "--gtest_filter=PlaylistTest.RemoveSongRemovesCorrectSong" "--gtest_also_run_disabled_tests"
Directory: /home/stuti/Codes/CPP Training/Week 8/build/tests/src
"PlaylistTest.RemoveSongRemovesCorrectSong" start time: Mar 10 13:09 IST
Output:
----------------------------------------------------------
Running main() from /build/googletest-j5yxiC/googletest-1.10.0/googletest/src/gtest_main.cc
Note: Google Test filter = PlaylistTest.RemoveSongRemovesCorrectSong
[==========] Running 1 test from 1 test suite.
[----------] Global test environment set-up.
[----------] 1 test from PlaylistTest
[ RUN      ] PlaylistTest.RemoveSongRemovesCorrectSong
[       OK ] PlaylistTest.RemoveSongRemovesCorrectSong (0 ms)
[----------] 1 test from PlaylistTest (0 ms total)

[----------] Global test environment tear-down
[==========] 1 test from 1 test suite ran. (0 ms total)
[  PASSED  ] 1 test.
<end of output>
Test time =   0.00 sec
----------------------------------------------------------
Test Passed.
"PlaylistTest.RemoveSongRemovesCorrectSong" end time: Mar 10 13:09 IST
"PlaylistTest.RemoveSongRemovesCorrectSong" time elapsed: 00:00:00
----------------------------------------------------------

60/118 Testing: PlaylistTest.MoveSongUpReturnsTrueForValidIndex
60/118 Test: PlaylistTest.MoveSongUpReturnsTrueForValidIndex
Command: "/home/stuti/Codes/CPP Training/Week 8/build/playlist_tests" "--gtest_filter=PlaylistTest.MoveSongUpReturnsTrueForValidIndex" "--gtest_also_run_disabled_tests"
Directory: /home/stuti/Codes/CPP Training/Week 8/build/tests/src
"PlaylistTest.MoveSongUpReturnsTrueForValidIndex" start time: Mar 10 13:09 IST
Output:
----------------------------------------------------------
Running main() from /build/googletest-j5yxiC/googletest-1.10.0/googletest/src/gtest_main.cc
Note: Google Test filter = PlaylistTest.MoveSongUpReturnsTrueForValidIndex
[==========] Running 1 test from 1 test suite.
[----------] Global test environment set-up.
[----------] 1 test from PlaylistTest
[ RUN      ] PlaylistTest.MoveSongUpReturnsTrueForValidIndex
[       OK ] PlaylistTest.MoveSongUpReturnsTrueForValidIndex (0 ms)
[----------] 1 test from PlaylistTest (0 ms total)

[----------] Global test environment tear-down
[==========] 1 test from 1 test suite ran. (0 ms total)
[  PASSED  ] 1 test.
<end of output>
Test time =   0.00 sec
----------------------------------------------------------
Test Passed.
"PlaylistTest.MoveSongUpReturnsTrueForValidIndex" end time: Mar 10 13:09 IST
"PlaylistTest.MoveSongUpReturnsTrueForValidIndex" time elapsed: 00:00:00
----------------------------------------------------------

61/118 Testing: PlaylistTest.MoveSongUpSwapsCorrectly
61/118 Test: PlaylistTest.MoveSongUpSwapsCorrectly
Command: "/home/stuti/Codes/CPP Training/Week 8/build/playlist_tests" "--gtest_filter=PlaylistTest.MoveSongUpSwapsCorrectly" "--gtest_also_run_disabled_tests"
Directory: /home/stuti/Codes/CPP Training/Week 8/build/tests/src
"PlaylistTest.MoveSongUpSwapsCorrectly" start time: Mar 10 13:09 IST
Output:
----------------------------------------------------------
Running main() from /build/googletest-j5yxiC/googletest-1.10.0/googletest/src/gtest_main.cc
Note: Google Test filter = PlaylistTest.MoveSongUpSwapsCorrectly
[==========] Running 1 test from 1 test suite.
[----------] Global test environment set-up.
[----------] 1 test from PlaylistTest
[ RUN      ] PlaylistTest.MoveSongUpSwapsCorrectly
[       OK ] PlaylistTest.MoveSongUpSwapsCorrectly (0 ms)
[----------] 1 test from PlaylistTest (0 ms total)

[----------] Global test environment tear-down
[==========] 1 test from 1 test suite ran. (0 ms total)
[  PASSED  ] 1 test.
<end of output>
Test time =   0.00 sec
----------------------------------------------------------
Test Passed.
"PlaylistTest.MoveSongUpSwapsCorrectly" end time: Mar 10 13:09 IST
"PlaylistTest.MoveSongUpSwapsCorrectly" time elapsed: 00:00:00
----------------------------------------------------------

62/118 Testing: PlaylistTest.MoveSongUpReturnsFalseForFirstSong
62/118 Test: PlaylistTest.MoveSongUpReturnsFalseForFirstSong
Command: "/home/stuti/Codes/CPP Training/Week 8/build/playlist_tests" "--gtest_filter=PlaylistTest.MoveSongUpReturnsFalseForFirstSong" "--gtest_also_run_disabled_tests"
Directory: /home/stuti/Codes/CPP Training/Week 8/build/tests/src
"PlaylistTest.MoveSongUpReturnsFalseForFirstSong" start time: Mar 10 13:09 IST
Output:
----------------------------------------------------------
Running main() from /build/googletest-j5yxiC/googletest-1.10.0/googletest/src/gtest_main.cc
Note: Google Test filter = PlaylistTest.MoveSongUpReturnsFalseForFirstSong
[==========] Running 1 test from 1 test suite.
[----------] Global test environment set-up.
[----------] 1 test from PlaylistTest
[ RUN      ] PlaylistTest.MoveSongUpReturnsFalseForFirstSong
[       OK ] PlaylistTest.MoveSongUpReturnsFalseForFirstSong (0 ms)
[----------] 1 test from PlaylistTest (0 ms total)

[----------] Global test environment tear-down
[==========] 1 test from 1 test suite ran. (0 ms total)
[  PASSED  ] 1 test.
<end of output>
Test time =   0.01 sec
----------------------------------------------------------
Test Passed.
"PlaylistTest.MoveSongUpReturnsFalseForFirstSong" end time: Mar 10 13:09 IST
"PlaylistTest.MoveSongUpReturnsFalseForFirstSong" time elapsed: 00:00:00
----------------------------------------------------------

63/118 Testing: PlaylistTest.MoveSongUpReturnsFalseForNegativeIndex
63/118 Test: PlaylistTest.MoveSongUpReturnsFalseForNegativeIndex
Command: "/home/stuti/Codes/CPP Training/Week 8/build/playlist_tests" "--gtest_filter=PlaylistTest.MoveSongUpReturnsFalseForNegativeIndex" "--gtest_also_run_disabled_tests"
Directory: /home/stuti/Codes/CPP Training/Week 8/build/tests/src
"PlaylistTest.MoveSongUpReturnsFalseForNegativeIndex" start time: Mar 10 13:09 IST
Output:
----------------------------------------------------------
Running main() from /build/googletest-j5yxiC/googletest-1.10.0/googletest/src/gtest_main.cc
Note: Google Test filter = PlaylistTest.MoveSongUpReturnsFalseForNegativeIndex
[==========] Running 1 test from 1 test suite.
[----------] Global test environment set-up.
[----------] 1 test from PlaylistTest
[ RUN      ] PlaylistTest.MoveSongUpReturnsFalseForNegativeIndex
[       OK ] PlaylistTest.MoveSongUpReturnsFalseForNegativeIndex (0 ms)
[----------] 1 test from PlaylistTest (0 ms total)

[----------] Global test environment tear-down
[==========] 1 test from 1 test suite ran. (0 ms total)
[  PASSED  ] 1 test.
<end of output>
Test time =   0.00 sec
----------------------------------------------------------
Test Passed.
"PlaylistTest.MoveSongUpReturnsFalseForNegativeIndex" end time: Mar 10 13:09 IST
"PlaylistTest.MoveSongUpReturnsFalseForNegativeIndex" time elapsed: 00:00:00
----------------------------------------------------------

64/118 Testing: PlaylistTest.MoveSongUpReturnsFalseForOutOfBoundIndex
64/118 Test: PlaylistTest.MoveSongUpReturnsFalseForOutOfBoundIndex
Command: "/home/stuti/Codes/CPP Training/Week 8/build/playlist_tests" "--gtest_filter=PlaylistTest.MoveSongUpReturnsFalseForOutOfBoundIndex" "--gtest_also_run_disabled_tests"
Directory: /home/stuti/Codes/CPP Training/Week 8/build/tests/src
"PlaylistTest.MoveSongUpReturnsFalseForOutOfBoundIndex" start time: Mar 10 13:09 IST
Output:
----------------------------------------------------------
Running main() from /build/googletest-j5yxiC/googletest-1.10.0/googletest/src/gtest_main.cc
Note: Google Test filter = PlaylistTest.MoveSongUpReturnsFalseForOutOfBoundIndex
[==========] Running 1 test from 1 test suite.
[----------] Global test environment set-up.
[----------] 1 test from PlaylistTest
[ RUN      ] PlaylistTest.MoveSongUpReturnsFalseForOutOfBoundIndex
[       OK ] PlaylistTest.MoveSongUpReturnsFalseForOutOfBoundIndex (0 ms)
[----------] 1 test from PlaylistTest (0 ms total)

[----------] Global test environment tear-down
[==========] 1 test from 1 test suite ran. (0 ms total)
[  PASSED  ] 1 test.
<end of output>
Test time =   0.00 sec
----------------------------------------------------------
Test Passed.
"PlaylistTest.MoveSongUpReturnsFalseForOutOfBoundIndex" end time: Mar 10 13:09 IST
"PlaylistTest.MoveSongUpReturnsFalseForOutOfBoundIndex" time elapsed: 00:00:00
----------------------------------------------------------

65/118 Testing: PlaylistTest.MoveSongDownReturnsTrueForValidIndex
65/118 Test: PlaylistTest.MoveSongDownReturnsTrueForValidIndex
Command: "/home/stuti/Codes/CPP Training/Week 8/build/playlist_tests" "--gtest_filter=PlaylistTest.MoveSongDownReturnsTrueForValidIndex" "--gtest_also_run_disabled_tests"
Directory: /home/stuti/Codes/CPP Training/Week 8/build/tests/src
"PlaylistTest.MoveSongDownReturnsTrueForValidIndex" start time: Mar 10 13:09 IST
Output:
----------------------------------------------------------
Running main() from /build/googletest-j5yxiC/googletest-1.10.0/googletest/src/gtest_main.cc
Note: Google Test filter = PlaylistTest.MoveSongDownReturnsTrueForValidIndex
[==========] Running 1 test from 1 test suite.
[----------] Global test environment set-up.
[----------] 1 test from PlaylistTest
[ RUN      ] PlaylistTest.MoveSongDownReturnsTrueForValidIndex
[       OK ] PlaylistTest.MoveSongDownReturnsTrueForValidIndex (0 ms)
[----------] 1 test from PlaylistTest (0 ms total)

[----------] Global test environment tear-down
[==========] 1 test from 1 test suite ran. (0 ms total)
[  PASSED  ] 1 test.
<end of output>
Test time =   0.00 sec
----------------------------------------------------------
Test Passed.
"PlaylistTest.MoveSongDownReturnsTrueForValidIndex" end time: Mar 10 13:09 IST
"PlaylistTest.MoveSongDownReturnsTrueForValidIndex" time elapsed: 00:00:00
----------------------------------------------------------

66/118 Testing: PlaylistTest.MoveSongDownSwapsCorrectly
66/118 Test: PlaylistTest.MoveSongDownSwapsCorrectly
Command: "/home/stuti/Codes/CPP Training/Week 8/build/playlist_tests" "--gtest_filter=PlaylistTest.MoveSongDownSwapsCorrectly" "--gtest_also_run_disabled_tests"
Directory: /home/stuti/Codes/CPP Training/Week 8/build/tests/src
"PlaylistTest.MoveSongDownSwapsCorrectly" start time: Mar 10 13:09 IST
Output:
----------------------------------------------------------
Running main() from /build/googletest-j5yxiC/googletest-1.10.0/googletest/src/gtest_main.cc
Note: Google Test filter = PlaylistTest.MoveSongDownSwapsCorrectly
[==========] Running 1 test from 1 test suite.
[----------] Global test environment set-up.
[----------] 1 test from PlaylistTest
[ RUN      ] PlaylistTest.MoveSongDownSwapsCorrectly
[       OK ] PlaylistTest.MoveSongDownSwapsCorrectly (0 ms)
[----------] 1 test from PlaylistTest (0 ms total)

[----------] Global test environment tear-down
[==========] 1 test from 1 test suite ran. (0 ms total)
[  PASSED  ] 1 test.
<end of output>
Test time =   0.01 sec
----------------------------------------------------------
Test Passed.
"PlaylistTest.MoveSongDownSwapsCorrectly" end time: Mar 10 13:09 IST
"PlaylistTest.MoveSongDownSwapsCorrectly" time elapsed: 00:00:00
----------------------------------------------------------

67/118 Testing: PlaylistTest.MoveSongDownReturnsFalseForLastSong
67/118 Test: PlaylistTest.MoveSongDownReturnsFalseForLastSong
Command: "/home/stuti/Codes/CPP Training/Week 8/build/playlist_tests" "--gtest_filter=PlaylistTest.MoveSongDownReturnsFalseForLastSong" "--gtest_also_run_disabled_tests"
Directory: /home/stuti/Codes/CPP Training/Week 8/build/tests/src
"PlaylistTest.MoveSongDownReturnsFalseForLastSong" start time: Mar 10 13:09 IST
Output:
----------------------------------------------------------
Running main() from /build/googletest-j5yxiC/googletest-1.10.0/googletest/src/gtest_main.cc
Note: Google Test filter = PlaylistTest.MoveSongDownReturnsFalseForLastSong
[==========] Running 1 test from 1 test suite.
[----------] Global test environment set-up.
[----------] 1 test from PlaylistTest
[ RUN      ] PlaylistTest.MoveSongDownReturnsFalseForLastSong
[       OK ] PlaylistTest.MoveSongDownReturnsFalseForLastSong (0 ms)
[----------] 1 test from PlaylistTest (0 ms total)

[----------] Global test environment tear-down
[==========] 1 test from 1 test suite ran. (0 ms total)
[  PASSED  ] 1 test.
<end of output>
Test time =   0.00 sec
----------------------------------------------------------
Test Passed.
"PlaylistTest.MoveSongDownReturnsFalseForLastSong" end time: Mar 10 13:09 IST
"PlaylistTest.MoveSongDownReturnsFalseForLastSong" time elapsed: 00:00:00
----------------------------------------------------------

68/118 Testing: PlaylistTest.MoveSongDownReturnsFalseForNegativeIndex
68/118 Test: PlaylistTest.MoveSongDownReturnsFalseForNegativeIndex
Command: "/home/stuti/Codes/CPP Training/Week 8/build/playlist_tests" "--gtest_filter=PlaylistTest.MoveSongDownReturnsFalseForNegativeIndex" "--gtest_also_run_disabled_tests"
Directory: /home/stuti/Codes/CPP Training/Week 8/build/tests/src
"PlaylistTest.MoveSongDownReturnsFalseForNegativeIndex" start time: Mar 10 13:09 IST
Output:
----------------------------------------------------------
Running main() from /build/googletest-j5yxiC/googletest-1.10.0/googletest/src/gtest_main.cc
Note: Google Test filter = PlaylistTest.MoveSongDownReturnsFalseForNegativeIndex
[==========] Running 1 test from 1 test suite.
[----------] Global test environment set-up.
[----------] 1 test from PlaylistTest
[ RUN      ] PlaylistTest.MoveSongDownReturnsFalseForNegativeIndex
[       OK ] PlaylistTest.MoveSongDownReturnsFalseForNegativeIndex (0 ms)
[----------] 1 test from PlaylistTest (0 ms total)

[----------] Global test environment tear-down
[==========] 1 test from 1 test suite ran. (0 ms total)
[  PASSED  ] 1 test.
<end of output>
Test time =   0.00 sec
----------------------------------------------------------
Test Passed.
"PlaylistTest.MoveSongDownReturnsFalseForNegativeIndex" end time: Mar 10 13:09 IST
"PlaylistTest.MoveSongDownReturnsFalseForNegativeIndex" time elapsed: 00:00:00
----------------------------------------------------------

69/118 Testing: PlaylistTest.MoveSongDownReturnsFalseOnSingleSong
69/118 Test: PlaylistTest.MoveSongDownReturnsFalseOnSingleSong
Command: "/home/stuti/Codes/CPP Training/Week 8/build/playlist_tests" "--gtest_filter=PlaylistTest.MoveSongDownReturnsFalseOnSingleSong" "--gtest_also_run_disabled_tests"
Directory: /home/stuti/Codes/CPP Training/Week 8/build/tests/src
"PlaylistTest.MoveSongDownReturnsFalseOnSingleSong" start time: Mar 10 13:09 IST
Output:
----------------------------------------------------------
Running main() from /build/googletest-j5yxiC/googletest-1.10.0/googletest/src/gtest_main.cc
Note: Google Test filter = PlaylistTest.MoveSongDownReturnsFalseOnSingleSong
[==========] Running 1 test from 1 test suite.
[----------] Global test environment set-up.
[----------] 1 test from PlaylistTest
[ RUN      ] PlaylistTest.MoveSongDownReturnsFalseOnSingleSong
[       OK ] PlaylistTest.MoveSongDownReturnsFalseOnSingleSong (0 ms)
[----------] 1 test from PlaylistTest (0 ms total)

[----------] Global test environment tear-down
[==========] 1 test from 1 test suite ran. (0 ms total)
[  PASSED  ] 1 test.
<end of output>
Test time =   0.01 sec
----------------------------------------------------------
Test Passed.
"PlaylistTest.MoveSongDownReturnsFalseOnSingleSong" end time: Mar 10 13:09 IST
"PlaylistTest.MoveSongDownReturnsFalseOnSingleSong" time elapsed: 00:00:00
----------------------------------------------------------

70/118 Testing: PlaylistTest.NextReturnsFalseOnEmptyPlaylist
70/118 Test: PlaylistTest.NextReturnsFalseOnEmptyPlaylist
Command: "/home/stuti/Codes/CPP Training/Week 8/build/playlist_tests" "--gtest_filter=PlaylistTest.NextReturnsFalseOnEmptyPlaylist" "--gtest_also_run_disabled_tests"
Directory: /home/stuti/Codes/CPP Training/Week 8/build/tests/src
"PlaylistTest.NextReturnsFalseOnEmptyPlaylist" start time: Mar 10 13:09 IST
Output:
----------------------------------------------------------
Running main() from /build/googletest-j5yxiC/googletest-1.10.0/googletest/src/gtest_main.cc
Note: Google Test filter = PlaylistTest.NextReturnsFalseOnEmptyPlaylist
[==========] Running 1 test from 1 test suite.
[----------] Global test environment set-up.
[----------] 1 test from PlaylistTest
[ RUN      ] PlaylistTest.NextReturnsFalseOnEmptyPlaylist
[       OK ] PlaylistTest.NextReturnsFalseOnEmptyPlaylist (0 ms)
[----------] 1 test from PlaylistTest (0 ms total)

[----------] Global test environment tear-down
[==========] 1 test from 1 test suite ran. (0 ms total)
[  PASSED  ] 1 test.
<end of output>
Test time =   0.00 sec
----------------------------------------------------------
Test Passed.
"PlaylistTest.NextReturnsFalseOnEmptyPlaylist" end time: Mar 10 13:09 IST
"PlaylistTest.NextReturnsFalseOnEmptyPlaylist" time elapsed: 00:00:00
----------------------------------------------------------

71/118 Testing: PlaylistTest.NextReturnsTrueWhenNotAtEnd
71/118 Test: PlaylistTest.NextReturnsTrueWhenNotAtEnd
Command: "/home/stuti/Codes/CPP Training/Week 8/build/playlist_tests" "--gtest_filter=PlaylistTest.NextReturnsTrueWhenNotAtEnd" "--gtest_also_run_disabled_tests"
Directory: /home/stuti/Codes/CPP Training/Week 8/build/tests/src
"PlaylistTest.NextReturnsTrueWhenNotAtEnd" start time: Mar 10 13:09 IST
Output:
----------------------------------------------------------
Running main() from /build/googletest-j5yxiC/googletest-1.10.0/googletest/src/gtest_main.cc
Note: Google Test filter = PlaylistTest.NextReturnsTrueWhenNotAtEnd
[==========] Running 1 test from 1 test suite.
[----------] Global test environment set-up.
[----------] 1 test from PlaylistTest
[ RUN      ] PlaylistTest.NextReturnsTrueWhenNotAtEnd
[       OK ] PlaylistTest.NextReturnsTrueWhenNotAtEnd (0 ms)
[----------] 1 test from PlaylistTest (0 ms total)

[----------] Global test environment tear-down
[==========] 1 test from 1 test suite ran. (0 ms total)
[  PASSED  ] 1 test.
<end of output>
Test time =   0.00 sec
----------------------------------------------------------
Test Passed.
"PlaylistTest.NextReturnsTrueWhenNotAtEnd" end time: Mar 10 13:09 IST
"PlaylistTest.NextReturnsTrueWhenNotAtEnd" time elapsed: 00:00:00
----------------------------------------------------------

72/118 Testing: PlaylistTest.NextIncrementsCurrentIndex
72/118 Test: PlaylistTest.NextIncrementsCurrentIndex
Command: "/home/stuti/Codes/CPP Training/Week 8/build/playlist_tests" "--gtest_filter=PlaylistTest.NextIncrementsCurrentIndex" "--gtest_also_run_disabled_tests"
Directory: /home/stuti/Codes/CPP Training/Week 8/build/tests/src
"PlaylistTest.NextIncrementsCurrentIndex" start time: Mar 10 13:09 IST
Output:
----------------------------------------------------------
Running main() from /build/googletest-j5yxiC/googletest-1.10.0/googletest/src/gtest_main.cc
Note: Google Test filter = PlaylistTest.NextIncrementsCurrentIndex
[==========] Running 1 test from 1 test suite.
[----------] Global test environment set-up.
[----------] 1 test from PlaylistTest
[ RUN      ] PlaylistTest.NextIncrementsCurrentIndex
[       OK ] PlaylistTest.NextIncrementsCurrentIndex (0 ms)
[----------] 1 test from PlaylistTest (0 ms total)

[----------] Global test environment tear-down
[==========] 1 test from 1 test suite ran. (0 ms total)
[  PASSED  ] 1 test.
<end of output>
Test time =   0.00 sec
----------------------------------------------------------
Test Passed.
"PlaylistTest.NextIncrementsCurrentIndex" end time: Mar 10 13:09 IST
"PlaylistTest.NextIncrementsCurrentIndex" time elapsed: 00:00:00
----------------------------------------------------------

73/118 Testing: PlaylistTest.NextWrapsToFirstSongFromLast
73/118 Test: PlaylistTest.NextWrapsToFirstSongFromLast
Command: "/home/stuti/Codes/CPP Training/Week 8/build/playlist_tests" "--gtest_filter=PlaylistTest.NextWrapsToFirstSongFromLast" "--gtest_also_run_disabled_tests"
Directory: /home/stuti/Codes/CPP Training/Week 8/build/tests/src
"PlaylistTest.NextWrapsToFirstSongFromLast" start time: Mar 10 13:09 IST
Output:
----------------------------------------------------------
Running main() from /build/googletest-j5yxiC/googletest-1.10.0/googletest/src/gtest_main.cc
Note: Google Test filter = PlaylistTest.NextWrapsToFirstSongFromLast
[==========] Running 1 test from 1 test suite.
[----------] Global test environment set-up.
[----------] 1 test from PlaylistTest
[ RUN      ] PlaylistTest.NextWrapsToFirstSongFromLast
[       OK ] PlaylistTest.NextWrapsToFirstSongFromLast (0 ms)
[----------] 1 test from PlaylistTest (0 ms total)

[----------] Global test environment tear-down
[==========] 1 test from 1 test suite ran. (0 ms total)
[  PASSED  ] 1 test.
<end of output>
Test time =   0.00 sec
----------------------------------------------------------
Test Passed.
"PlaylistTest.NextWrapsToFirstSongFromLast" end time: Mar 10 13:09 IST
"PlaylistTest.NextWrapsToFirstSongFromLast" time elapsed: 00:00:00
----------------------------------------------------------

74/118 Testing: PlaylistTest.PreviousReturnsFalseOnEmptyPlaylist
74/118 Test: PlaylistTest.PreviousReturnsFalseOnEmptyPlaylist
Command: "/home/stuti/Codes/CPP Training/Week 8/build/playlist_tests" "--gtest_filter=PlaylistTest.PreviousReturnsFalseOnEmptyPlaylist" "--gtest_also_run_disabled_tests"
Directory: /home/stuti/Codes/CPP Training/Week 8/build/tests/src
"PlaylistTest.PreviousReturnsFalseOnEmptyPlaylist" start time: Mar 10 13:09 IST
Output:
----------------------------------------------------------
Running main() from /build/googletest-j5yxiC/googletest-1.10.0/googletest/src/gtest_main.cc
Note: Google Test filter = PlaylistTest.PreviousReturnsFalseOnEmptyPlaylist
[==========] Running 1 test from 1 test suite.
[----------] Global test environment set-up.
[----------] 1 test from PlaylistTest
[ RUN      ] PlaylistTest.PreviousReturnsFalseOnEmptyPlaylist
[       OK ] PlaylistTest.PreviousReturnsFalseOnEmptyPlaylist (0 ms)
[----------] 1 test from PlaylistTest (0 ms total)

[----------] Global test environment tear-down
[==========] 1 test from 1 test suite ran. (0 ms total)
[  PASSED  ] 1 test.
<end of output>
Test time =   0.00 sec
----------------------------------------------------------
Test Passed.
"PlaylistTest.PreviousReturnsFalseOnEmptyPlaylist" end time: Mar 10 13:09 IST
"PlaylistTest.PreviousReturnsFalseOnEmptyPlaylist" time elapsed: 00:00:00
----------------------------------------------------------

75/118 Testing: PlaylistTest.PreviousReturnsTrueWhenNotAtStart
75/118 Test: PlaylistTest.PreviousReturnsTrueWhenNotAtStart
Command: "/home/stuti/Codes/CPP Training/Week 8/build/playlist_tests" "--gtest_filter=PlaylistTest.PreviousReturnsTrueWhenNotAtStart" "--gtest_also_run_disabled_tests"
Directory: /home/stuti/Codes/CPP Training/Week 8/build/tests/src
"PlaylistTest.PreviousReturnsTrueWhenNotAtStart" start time: Mar 10 13:09 IST
Output:
----------------------------------------------------------
Running main() from /build/googletest-j5yxiC/googletest-1.10.0/googletest/src/gtest_main.cc
Note: Google Test filter = PlaylistTest.PreviousReturnsTrueWhenNotAtStart
[==========] Running 1 test from 1 test suite.
[----------] Global test environment set-up.
[----------] 1 test from PlaylistTest
[ RUN      ] PlaylistTest.PreviousReturnsTrueWhenNotAtStart
[       OK ] PlaylistTest.PreviousReturnsTrueWhenNotAtStart (0 ms)
[----------] 1 test from PlaylistTest (0 ms total)

[----------] Global test environment tear-down
[==========] 1 test from 1 test suite ran. (0 ms total)
[  PASSED  ] 1 test.
<end of output>
Test time =   0.00 sec
----------------------------------------------------------
Test Passed.
"PlaylistTest.PreviousReturnsTrueWhenNotAtStart" end time: Mar 10 13:09 IST
"PlaylistTest.PreviousReturnsTrueWhenNotAtStart" time elapsed: 00:00:00
----------------------------------------------------------

76/118 Testing: PlaylistTest.PreviousDecrementsCurrentIndex
76/118 Test: PlaylistTest.PreviousDecrementsCurrentIndex
Command: "/home/stuti/Codes/CPP Training/Week 8/build/playlist_tests" "--gtest_filter=PlaylistTest.PreviousDecrementsCurrentIndex" "--gtest_also_run_disabled_tests"
Directory: /home/stuti/Codes/CPP Training/Week 8/build/tests/src
"PlaylistTest.PreviousDecrementsCurrentIndex" start time: Mar 10 13:09 IST
Output:
----------------------------------------------------------
Running main() from /build/googletest-j5yxiC/googletest-1.10.0/googletest/src/gtest_main.cc
Note: Google Test filter = PlaylistTest.PreviousDecrementsCurrentIndex
[==========] Running 1 test from 1 test suite.
[----------] Global test environment set-up.
[----------] 1 test from PlaylistTest
[ RUN      ] PlaylistTest.PreviousDecrementsCurrentIndex
[       OK ] PlaylistTest.PreviousDecrementsCurrentIndex (0 ms)
[----------] 1 test from PlaylistTest (0 ms total)

[----------] Global test environment tear-down
[==========] 1 test from 1 test suite ran. (0 ms total)
[  PASSED  ] 1 test.
<end of output>
Test time =   0.00 sec
----------------------------------------------------------
Test Passed.
"PlaylistTest.PreviousDecrementsCurrentIndex" end time: Mar 10 13:09 IST
"PlaylistTest.PreviousDecrementsCurrentIndex" time elapsed: 00:00:00
----------------------------------------------------------

77/118 Testing: PlaylistTest.PreviousWrapsToLastSongFromFirst
77/118 Test: PlaylistTest.PreviousWrapsToLastSongFromFirst
Command: "/home/stuti/Codes/CPP Training/Week 8/build/playlist_tests" "--gtest_filter=PlaylistTest.PreviousWrapsToLastSongFromFirst" "--gtest_also_run_disabled_tests"
Directory: /home/stuti/Codes/CPP Training/Week 8/build/tests/src
"PlaylistTest.PreviousWrapsToLastSongFromFirst" start time: Mar 10 13:09 IST
Output:
----------------------------------------------------------
Running main() from /build/googletest-j5yxiC/googletest-1.10.0/googletest/src/gtest_main.cc
Note: Google Test filter = PlaylistTest.PreviousWrapsToLastSongFromFirst
[==========] Running 1 test from 1 test suite.
[----------] Global test environment set-up.
[----------] 1 test from PlaylistTest
[ RUN      ] PlaylistTest.PreviousWrapsToLastSongFromFirst
[       OK ] PlaylistTest.PreviousWrapsToLastSongFromFirst (0 ms)
[----------] 1 test from PlaylistTest (0 ms total)

[----------] Global test environment tear-down
[==========] 1 test from 1 test suite ran. (0 ms total)
[  PASSED  ] 1 test.
<end of output>
Test time =   0.00 sec
----------------------------------------------------------
Test Passed.
"PlaylistTest.PreviousWrapsToLastSongFromFirst" end time: Mar 10 13:09 IST
"PlaylistTest.PreviousWrapsToLastSongFromFirst" time elapsed: 00:00:00
----------------------------------------------------------

78/118 Testing: PlaylistTest.GetCurrentSongReturnsFirstSongAfterAdd
78/118 Test: PlaylistTest.GetCurrentSongReturnsFirstSongAfterAdd
Command: "/home/stuti/Codes/CPP Training/Week 8/build/playlist_tests" "--gtest_filter=PlaylistTest.GetCurrentSongReturnsFirstSongAfterAdd" "--gtest_also_run_disabled_tests"
Directory: /home/stuti/Codes/CPP Training/Week 8/build/tests/src
"PlaylistTest.GetCurrentSongReturnsFirstSongAfterAdd" start time: Mar 10 13:09 IST
Output:
----------------------------------------------------------
Running main() from /build/googletest-j5yxiC/googletest-1.10.0/googletest/src/gtest_main.cc
Note: Google Test filter = PlaylistTest.GetCurrentSongReturnsFirstSongAfterAdd
[==========] Running 1 test from 1 test suite.
[----------] Global test environment set-up.
[----------] 1 test from PlaylistTest
[ RUN      ] PlaylistTest.GetCurrentSongReturnsFirstSongAfterAdd
[       OK ] PlaylistTest.GetCurrentSongReturnsFirstSongAfterAdd (0 ms)
[----------] 1 test from PlaylistTest (0 ms total)

[----------] Global test environment tear-down
[==========] 1 test from 1 test suite ran. (0 ms total)
[  PASSED  ] 1 test.
<end of output>
Test time =   0.01 sec
----------------------------------------------------------
Test Passed.
"PlaylistTest.GetCurrentSongReturnsFirstSongAfterAdd" end time: Mar 10 13:09 IST
"PlaylistTest.GetCurrentSongReturnsFirstSongAfterAdd" time elapsed: 00:00:00
----------------------------------------------------------

79/118 Testing: PlaylistTest.GetCurrentSongReturnsCorrectSongAfterNext
79/118 Test: PlaylistTest.GetCurrentSongReturnsCorrectSongAfterNext
Command: "/home/stuti/Codes/CPP Training/Week 8/build/playlist_tests" "--gtest_filter=PlaylistTest.GetCurrentSongReturnsCorrectSongAfterNext" "--gtest_also_run_disabled_tests"
Directory: /home/stuti/Codes/CPP Training/Week 8/build/tests/src
"PlaylistTest.GetCurrentSongReturnsCorrectSongAfterNext" start time: Mar 10 13:09 IST
Output:
----------------------------------------------------------
Running main() from /build/googletest-j5yxiC/googletest-1.10.0/googletest/src/gtest_main.cc
Note: Google Test filter = PlaylistTest.GetCurrentSongReturnsCorrectSongAfterNext
[==========] Running 1 test from 1 test suite.
[----------] Global test environment set-up.
[----------] 1 test from PlaylistTest
[ RUN      ] PlaylistTest.GetCurrentSongReturnsCorrectSongAfterNext
[       OK ] PlaylistTest.GetCurrentSongReturnsCorrectSongAfterNext (0 ms)
[----------] 1 test from PlaylistTest (0 ms total)

[----------] Global test environment tear-down
[==========] 1 test from 1 test suite ran. (0 ms total)
[  PASSED  ] 1 test.
<end of output>
Test time =   0.01 sec
----------------------------------------------------------
Test Passed.
"PlaylistTest.GetCurrentSongReturnsCorrectSongAfterNext" end time: Mar 10 13:09 IST
"PlaylistTest.GetCurrentSongReturnsCorrectSongAfterNext" time elapsed: 00:00:00
----------------------------------------------------------

80/118 Testing: PlaylistTest.HasSongReturnsTrueForAddedSong
80/118 Test: PlaylistTest.HasSongReturnsTrueForAddedSong
Command: "/home/stuti/Codes/CPP Training/Week 8/build/playlist_tests" "--gtest_filter=PlaylistTest.HasSongReturnsTrueForAddedSong" "--gtest_also_run_disabled_tests"
Directory: /home/stuti/Codes/CPP Training/Week 8/build/tests/src
"PlaylistTest.HasSongReturnsTrueForAddedSong" start time: Mar 10 13:09 IST
Output:
----------------------------------------------------------
Running main() from /build/googletest-j5yxiC/googletest-1.10.0/googletest/src/gtest_main.cc
Note: Google Test filter = PlaylistTest.HasSongReturnsTrueForAddedSong
[==========] Running 1 test from 1 test suite.
[----------] Global test environment set-up.
[----------] 1 test from PlaylistTest
[ RUN      ] PlaylistTest.HasSongReturnsTrueForAddedSong
[       OK ] PlaylistTest.HasSongReturnsTrueForAddedSong (0 ms)
[----------] 1 test from PlaylistTest (0 ms total)

[----------] Global test environment tear-down
[==========] 1 test from 1 test suite ran. (0 ms total)
[  PASSED  ] 1 test.
<end of output>
Test time =   0.00 sec
----------------------------------------------------------
Test Passed.
"PlaylistTest.HasSongReturnsTrueForAddedSong" end time: Mar 10 13:09 IST
"PlaylistTest.HasSongReturnsTrueForAddedSong" time elapsed: 00:00:00
----------------------------------------------------------

81/118 Testing: PlaylistTest.HasSongReturnsFalseForSongNotAdded
81/118 Test: PlaylistTest.HasSongReturnsFalseForSongNotAdded
Command: "/home/stuti/Codes/CPP Training/Week 8/build/playlist_tests" "--gtest_filter=PlaylistTest.HasSongReturnsFalseForSongNotAdded" "--gtest_also_run_disabled_tests"
Directory: /home/stuti/Codes/CPP Training/Week 8/build/tests/src
"PlaylistTest.HasSongReturnsFalseForSongNotAdded" start time: Mar 10 13:09 IST
Output:
----------------------------------------------------------
Running main() from /build/googletest-j5yxiC/googletest-1.10.0/googletest/src/gtest_main.cc
Note: Google Test filter = PlaylistTest.HasSongReturnsFalseForSongNotAdded
[==========] Running 1 test from 1 test suite.
[----------] Global test environment set-up.
[----------] 1 test from PlaylistTest
[ RUN      ] PlaylistTest.HasSongReturnsFalseForSongNotAdded
[       OK ] PlaylistTest.HasSongReturnsFalseForSongNotAdded (0 ms)
[----------] 1 test from PlaylistTest (0 ms total)

[----------] Global test environment tear-down
[==========] 1 test from 1 test suite ran. (0 ms total)
[  PASSED  ] 1 test.
<end of output>
Test time =   0.00 sec
----------------------------------------------------------
Test Passed.
"PlaylistTest.HasSongReturnsFalseForSongNotAdded" end time: Mar 10 13:09 IST
"PlaylistTest.HasSongReturnsFalseForSongNotAdded" time elapsed: 00:00:00
----------------------------------------------------------

82/118 Testing: PlaylistTest.HasSongReturnsFalseOnEmptyPlaylist
82/118 Test: PlaylistTest.HasSongReturnsFalseOnEmptyPlaylist
Command: "/home/stuti/Codes/CPP Training/Week 8/build/playlist_tests" "--gtest_filter=PlaylistTest.HasSongReturnsFalseOnEmptyPlaylist" "--gtest_also_run_disabled_tests"
Directory: /home/stuti/Codes/CPP Training/Week 8/build/tests/src
"PlaylistTest.HasSongReturnsFalseOnEmptyPlaylist" start time: Mar 10 13:09 IST
Output:
----------------------------------------------------------
Running main() from /build/googletest-j5yxiC/googletest-1.10.0/googletest/src/gtest_main.cc
Note: Google Test filter = PlaylistTest.HasSongReturnsFalseOnEmptyPlaylist
[==========] Running 1 test from 1 test suite.
[----------] Global test environment set-up.
[----------] 1 test from PlaylistTest
[ RUN      ] PlaylistTest.HasSongReturnsFalseOnEmptyPlaylist
[       OK ] PlaylistTest.HasSongReturnsFalseOnEmptyPlaylist (0 ms)
[----------] 1 test from PlaylistTest (0 ms total)

[----------] Global test environment tear-down
[==========] 1 test from 1 test suite ran. (0 ms total)
[  PASSED  ] 1 test.
<end of output>
Test time =   0.00 sec
----------------------------------------------------------
Test Passed.
"PlaylistTest.HasSongReturnsFalseOnEmptyPlaylist" end time: Mar 10 13:09 IST
"PlaylistTest.HasSongReturnsFalseOnEmptyPlaylist" time elapsed: 00:00:00
----------------------------------------------------------

83/118 Testing: PlaylistTest.ClearSongsEmptiesPlaylist
83/118 Test: PlaylistTest.ClearSongsEmptiesPlaylist
Command: "/home/stuti/Codes/CPP Training/Week 8/build/playlist_tests" "--gtest_filter=PlaylistTest.ClearSongsEmptiesPlaylist" "--gtest_also_run_disabled_tests"
Directory: /home/stuti/Codes/CPP Training/Week 8/build/tests/src
"PlaylistTest.ClearSongsEmptiesPlaylist" start time: Mar 10 13:09 IST
Output:
----------------------------------------------------------
Running main() from /build/googletest-j5yxiC/googletest-1.10.0/googletest/src/gtest_main.cc
Note: Google Test filter = PlaylistTest.ClearSongsEmptiesPlaylist
[==========] Running 1 test from 1 test suite.
[----------] Global test environment set-up.
[----------] 1 test from PlaylistTest
[ RUN      ] PlaylistTest.ClearSongsEmptiesPlaylist
[       OK ] PlaylistTest.ClearSongsEmptiesPlaylist (0 ms)
[----------] 1 test from PlaylistTest (0 ms total)

[----------] Global test environment tear-down
[==========] 1 test from 1 test suite ran. (0 ms total)
[  PASSED  ] 1 test.
<end of output>
Test time =   0.00 sec
----------------------------------------------------------
Test Passed.
"PlaylistTest.ClearSongsEmptiesPlaylist" end time: Mar 10 13:09 IST
"PlaylistTest.ClearSongsEmptiesPlaylist" time elapsed: 00:00:00
----------------------------------------------------------

84/118 Testing: PlaylistTest.ClearSongsResetsCurrentIndex
84/118 Test: PlaylistTest.ClearSongsResetsCurrentIndex
Command: "/home/stuti/Codes/CPP Training/Week 8/build/playlist_tests" "--gtest_filter=PlaylistTest.ClearSongsResetsCurrentIndex" "--gtest_also_run_disabled_tests"
Directory: /home/stuti/Codes/CPP Training/Week 8/build/tests/src
"PlaylistTest.ClearSongsResetsCurrentIndex" start time: Mar 10 13:09 IST
Output:
----------------------------------------------------------
Running main() from /build/googletest-j5yxiC/googletest-1.10.0/googletest/src/gtest_main.cc
Note: Google Test filter = PlaylistTest.ClearSongsResetsCurrentIndex
[==========] Running 1 test from 1 test suite.
[----------] Global test environment set-up.
[----------] 1 test from PlaylistTest
[ RUN      ] PlaylistTest.ClearSongsResetsCurrentIndex
[       OK ] PlaylistTest.ClearSongsResetsCurrentIndex (0 ms)
[----------] 1 test from PlaylistTest (0 ms total)

[----------] Global test environment tear-down
[==========] 1 test from 1 test suite ran. (0 ms total)
[  PASSED  ] 1 test.
<end of output>
Test time =   0.00 sec
----------------------------------------------------------
Test Passed.
"PlaylistTest.ClearSongsResetsCurrentIndex" end time: Mar 10 13:09 IST
"PlaylistTest.ClearSongsResetsCurrentIndex" time elapsed: 00:00:00
----------------------------------------------------------

85/118 Testing: PlaylistTest.ClearSongsSetsHasSongsFalse
85/118 Test: PlaylistTest.ClearSongsSetsHasSongsFalse
Command: "/home/stuti/Codes/CPP Training/Week 8/build/playlist_tests" "--gtest_filter=PlaylistTest.ClearSongsSetsHasSongsFalse" "--gtest_also_run_disabled_tests"
Directory: /home/stuti/Codes/CPP Training/Week 8/build/tests/src
"PlaylistTest.ClearSongsSetsHasSongsFalse" start time: Mar 10 13:09 IST
Output:
----------------------------------------------------------
Running main() from /build/googletest-j5yxiC/googletest-1.10.0/googletest/src/gtest_main.cc
Note: Google Test filter = PlaylistTest.ClearSongsSetsHasSongsFalse
[==========] Running 1 test from 1 test suite.
[----------] Global test environment set-up.
[----------] 1 test from PlaylistTest
[ RUN      ] PlaylistTest.ClearSongsSetsHasSongsFalse
[       OK ] PlaylistTest.ClearSongsSetsHasSongsFalse (0 ms)
[----------] 1 test from PlaylistTest (0 ms total)

[----------] Global test environment tear-down
[==========] 1 test from 1 test suite ran. (0 ms total)
[  PASSED  ] 1 test.
<end of output>
Test time =   0.00 sec
----------------------------------------------------------
Test Passed.
"PlaylistTest.ClearSongsSetsHasSongsFalse" end time: Mar 10 13:09 IST
"PlaylistTest.ClearSongsSetsHasSongsFalse" time elapsed: 00:00:00
----------------------------------------------------------

86/118 Testing: PlaylistTest.CurrentIndexTracksMovedSongUp
86/118 Test: PlaylistTest.CurrentIndexTracksMovedSongUp
Command: "/home/stuti/Codes/CPP Training/Week 8/build/playlist_tests" "--gtest_filter=PlaylistTest.CurrentIndexTracksMovedSongUp" "--gtest_also_run_disabled_tests"
Directory: /home/stuti/Codes/CPP Training/Week 8/build/tests/src
"PlaylistTest.CurrentIndexTracksMovedSongUp" start time: Mar 10 13:09 IST
Output:
----------------------------------------------------------
Running main() from /build/googletest-j5yxiC/googletest-1.10.0/googletest/src/gtest_main.cc
Note: Google Test filter = PlaylistTest.CurrentIndexTracksMovedSongUp
[==========] Running 1 test from 1 test suite.
[----------] Global test environment set-up.
[----------] 1 test from PlaylistTest
[ RUN      ] PlaylistTest.CurrentIndexTracksMovedSongUp
[       OK ] PlaylistTest.CurrentIndexTracksMovedSongUp (0 ms)
[----------] 1 test from PlaylistTest (0 ms total)

[----------] Global test environment tear-down
[==========] 1 test from 1 test suite ran. (0 ms total)
[  PASSED  ] 1 test.
<end of output>
Test time =   0.00 sec
----------------------------------------------------------
Test Passed.
"PlaylistTest.CurrentIndexTracksMovedSongUp" end time: Mar 10 13:09 IST
"PlaylistTest.CurrentIndexTracksMovedSongUp" time elapsed: 00:00:00
----------------------------------------------------------

87/118 Testing: PlaylistTest.CurrentIndexTracksMovedSongDown
87/118 Test: PlaylistTest.CurrentIndexTracksMovedSongDown
Command: "/home/stuti/Codes/CPP Training/Week 8/build/playlist_tests" "--gtest_filter=PlaylistTest.CurrentIndexTracksMovedSongDown" "--gtest_also_run_disabled_tests"
Directory: /home/stuti/Codes/CPP Training/Week 8/build/tests/src
"PlaylistTest.CurrentIndexTracksMovedSongDown" start time: Mar 10 13:09 IST
Output:
----------------------------------------------------------
Running main() from /build/googletest-j5yxiC/googletest-1.10.0/googletest/src/gtest_main.cc
Note: Google Test filter = PlaylistTest.CurrentIndexTracksMovedSongDown
[==========] Running 1 test from 1 test suite.
[----------] Global test environment set-up.
[----------] 1 test from PlaylistTest
[ RUN      ] PlaylistTest.CurrentIndexTracksMovedSongDown
[       OK ] PlaylistTest.CurrentIndexTracksMovedSongDown (0 ms)
[----------] 1 test from PlaylistTest (0 ms total)

[----------] Global test environment tear-down
[==========] 1 test from 1 test suite ran. (0 ms total)
[  PASSED  ] 1 test.
<end of output>
Test time =   0.00 sec
----------------------------------------------------------
Test Passed.
"PlaylistTest.CurrentIndexTracksMovedSongDown" end time: Mar 10 13:09 IST
"PlaylistTest.CurrentIndexTracksMovedSongDown" time elapsed: 00:00:00
----------------------------------------------------------

End testing: Mar 10 13:09 IST
